<?xml version="1.0" encoding="UTF-8"?>
<coverage generated="1771689980447" clover="3.2.0">
  <project timestamp="1771689980447" name="All files">
    <metrics statements="321" coveredstatements="224" conditionals="174" coveredconditionals="107" methods="113" coveredmethods="74" elements="608" coveredelements="405" complexity="0" loc="321" ncloc="321" packages="5" files="13" classes="13"/>
    <package name="ff14-overlay-vue.src.resources">
      <metrics statements="1" coveredstatements="1" conditionals="0" coveredconditionals="0" methods="0" coveredmethods="0"/>
      <file name="keigenn.ts" path="D:\Programs\healerbook\ff14-overlay-vue\src\resources\keigenn.ts">
        <metrics statements="1" coveredstatements="1" conditionals="0" coveredconditionals="0" methods="0" coveredmethods="0"/>
        <line num="3" count="2" type="stmt"/>
      </file>
    </package>
    <package name="src.data">
      <metrics statements="25" coveredstatements="23" conditionals="10" coveredconditionals="7" methods="12" coveredmethods="12"/>
      <file name="mitigationActions.new.ts" path="D:\Programs\healerbook\src\data\mitigationActions.new.ts">
        <metrics statements="25" coveredstatements="23" conditionals="10" coveredconditionals="7" methods="12" coveredmethods="12"/>
        <line num="25" count="2" type="stmt"/>
        <line num="156" count="1" type="stmt"/>
        <line num="157" count="2" type="stmt"/>
        <line num="159" count="1" type="cond" truecount="1" falsecount="1"/>
        <line num="160" count="0" type="stmt"/>
        <line num="164" count="1" type="stmt"/>
        <line num="166" count="1" type="cond" truecount="1" falsecount="1"/>
        <line num="168" count="0" type="stmt"/>
        <line num="172" count="3" type="stmt"/>
        <line num="182" count="1" type="stmt"/>
        <line num="184" count="3" type="stmt"/>
        <line num="205" count="1" type="stmt"/>
        <line num="206" count="3" type="stmt"/>
        <line num="208" count="1" type="stmt"/>
        <line num="210" count="1" type="stmt"/>
        <line num="212" count="1" type="stmt"/>
        <line num="214" count="3" type="stmt"/>
        <line num="225" count="3" type="cond" truecount="1" falsecount="1"/>
        <line num="226" count="3" type="stmt"/>
        <line num="239" count="1" type="stmt"/>
        <line num="240" count="18" type="stmt"/>
        <line num="242" count="3" type="cond" truecount="4" falsecount="0"/>
        <line num="243" count="1" type="stmt"/>
        <line num="246" count="3" type="stmt"/>
        <line num="252" count="1" type="stmt"/>
      </file>
    </package>
    <package name="src.executors">
      <metrics statements="20" coveredstatements="20" conditionals="11" coveredconditionals="11" methods="18" coveredmethods="18"/>
      <file name="createEnemyDebuffExecutor.ts" path="D:\Programs\healerbook\src\executors\createEnemyDebuffExecutor.ts">
        <metrics statements="3" coveredstatements="3" conditionals="0" coveredconditionals="0" methods="3" coveredmethods="3"/>
        <line num="19" count="7" type="stmt"/>
        <line num="20" count="5" type="stmt"/>
        <line num="28" count="5" type="stmt"/>
      </file>
      <file name="createFriendlyBuffExecutor.ts" path="D:\Programs\healerbook\src\executors\createFriendlyBuffExecutor.ts">
        <metrics statements="8" coveredstatements="8" conditionals="5" coveredconditionals="5" methods="7" coveredmethods="7"/>
        <line num="21" count="42" type="stmt"/>
        <line num="22" count="9" type="cond" truecount="2" falsecount="0"/>
        <line num="24" count="2" type="stmt"/>
        <line num="26" count="9" type="stmt"/>
        <line num="27" count="19" type="stmt"/>
        <line num="37" count="9" type="stmt"/>
        <line num="40" count="44" type="stmt"/>
        <line num="41" count="20" type="cond" truecount="2" falsecount="0"/>
      </file>
      <file name="createShieldExecutor.ts" path="D:\Programs\healerbook\src\executors\createShieldExecutor.ts">
        <metrics statements="8" coveredstatements="8" conditionals="6" coveredconditionals="6" methods="7" coveredmethods="7"/>
        <line num="23" count="14" type="stmt"/>
        <line num="24" count="5" type="cond" truecount="2" falsecount="0"/>
        <line num="26" count="7" type="stmt"/>
        <line num="28" count="5" type="stmt"/>
        <line num="29" count="8" type="stmt"/>
        <line num="40" count="5" type="stmt"/>
        <line num="43" count="20" type="stmt"/>
        <line num="44" count="12" type="cond" truecount="2" falsecount="0"/>
      </file>
      <file name="index.ts" path="D:\Programs\healerbook\src\executors\index.ts">
        <metrics statements="0" coveredstatements="0" conditionals="0" coveredconditionals="0" methods="0" coveredmethods="0"/>
      </file>
      <file name="utils.ts" path="D:\Programs\healerbook\src\executors\utils.ts">
        <metrics statements="1" coveredstatements="1" conditionals="0" coveredconditionals="0" methods="1" coveredmethods="1"/>
        <line num="12" count="41" type="stmt"/>
      </file>
    </package>
    <package name="src.store">
      <metrics statements="97" coveredstatements="43" conditionals="48" coveredconditionals="9" methods="48" coveredmethods="19"/>
      <file name="timelineStore.ts" path="D:\Programs\healerbook\src\store\timelineStore.ts">
        <metrics statements="97" coveredstatements="43" conditionals="48" coveredconditionals="9" methods="48" coveredmethods="19"/>
        <line num="13" count="1" type="stmt"/>
        <line num="76" count="1" type="stmt"/>
        <line num="87" count="1" type="stmt"/>
        <line num="91" count="3" type="stmt"/>
        <line num="99" count="3" type="cond" truecount="1" falsecount="1"/>
        <line num="100" count="3" type="stmt"/>
        <line num="105" count="9" type="stmt"/>
        <line num="106" count="18" type="stmt"/>
        <line num="118" count="9" type="stmt"/>
        <line num="122" count="4" type="stmt"/>
        <line num="123" count="4" type="cond" truecount="1" falsecount="1"/>
        <line num="126" count="11" type="stmt"/>
        <line num="127" count="4" type="cond" truecount="1" falsecount="1"/>
        <line num="128" count="0" type="stmt"/>
        <line num="129" count="0" type="stmt"/>
        <line num="133" count="4" type="stmt"/>
        <line num="141" count="4" type="stmt"/>
        <line num="142" count="4" type="stmt"/>
        <line num="146" count="1" type="stmt"/>
        <line num="150" count="4" type="stmt"/>
        <line num="151" count="4" type="cond" truecount="3" falsecount="1"/>
        <line num="154" count="4" type="stmt"/>
        <line num="155" count="8" type="stmt"/>
        <line num="166" count="4" type="stmt"/>
        <line num="167" count="6" type="stmt"/>
        <line num="168" count="1" type="stmt"/>
        <line num="171" count="4" type="stmt"/>
        <line num="172" count="6" type="stmt"/>
        <line num="173" count="4" type="cond" truecount="1" falsecount="1"/>
        <line num="175" count="4" type="stmt"/>
        <line num="182" count="4" type="stmt"/>
        <line num="186" count="4" type="stmt"/>
        <line num="188" count="8" type="stmt"/>
        <line num="190" count="6" type="stmt"/>
        <line num="193" count="1" type="stmt"/>
        <line num="198" count="4" type="stmt"/>
        <line num="202" count="2" type="stmt"/>
        <line num="203" count="2" type="cond" truecount="1" falsecount="1"/>
        <line num="205" count="2" type="stmt"/>
        <line num="207" count="4" type="stmt"/>
        <line num="209" count="4" type="stmt"/>
        <line num="212" count="0" type="stmt"/>
        <line num="217" count="2" type="stmt"/>
        <line num="221" count="0" type="stmt"/>
        <line num="227" count="0" type="stmt"/>
        <line num="233" count="0" type="stmt"/>
        <line num="238" count="0" type="stmt"/>
        <line num="243" count="0" type="stmt"/>
        <line num="248" count="0" type="stmt"/>
        <line num="249" count="0" type="cond" truecount="0" falsecount="2"/>
        <line num="252" count="0" type="stmt"/>
        <line num="259" count="0" type="stmt"/>
        <line num="260" count="0" type="stmt"/>
        <line num="263" count="0" type="stmt"/>
        <line num="272" count="0" type="stmt"/>
        <line num="276" count="0" type="stmt"/>
        <line num="277" count="0" type="cond" truecount="0" falsecount="2"/>
        <line num="279" count="0" type="stmt"/>
        <line num="286" count="0" type="stmt"/>
        <line num="290" count="0" type="stmt"/>
        <line num="291" count="0" type="cond" truecount="0" falsecount="2"/>
        <line num="293" count="0" type="stmt"/>
        <line num="297" count="0" type="cond" truecount="0" falsecount="2"/>
        <line num="302" count="0" type="stmt"/>
        <line num="306" count="0" type="stmt"/>
        <line num="307" count="0" type="cond" truecount="0" falsecount="2"/>
        <line num="309" count="0" type="stmt"/>
        <line num="312" count="0" type="stmt"/>
        <line num="314" count="0" type="stmt"/>
        <line num="320" count="0" type="stmt"/>
        <line num="324" count="0" type="stmt"/>
        <line num="325" count="0" type="cond" truecount="0" falsecount="2"/>
        <line num="327" count="0" type="stmt"/>
        <line num="334" count="0" type="stmt"/>
        <line num="338" count="0" type="stmt"/>
        <line num="339" count="0" type="cond" truecount="0" falsecount="2"/>
        <line num="341" count="0" type="stmt"/>
        <line num="345" count="0" type="cond" truecount="0" falsecount="2"/>
        <line num="350" count="0" type="stmt"/>
        <line num="354" count="0" type="stmt"/>
        <line num="355" count="0" type="cond" truecount="0" falsecount="2"/>
        <line num="357" count="0" type="stmt"/>
        <line num="361" count="0" type="stmt"/>
        <line num="368" count="0" type="stmt"/>
        <line num="372" count="0" type="stmt"/>
        <line num="375" count="0" type="cond" truecount="0" falsecount="2"/>
        <line num="376" count="0" type="stmt"/>
        <line num="380" count="0" type="stmt"/>
        <line num="381" count="0" type="stmt"/>
        <line num="382" count="0" type="cond" truecount="0" falsecount="2"/>
        <line num="383" count="0" type="stmt"/>
        <line num="384" count="0" type="stmt"/>
        <line num="388" count="0" type="stmt"/>
        <line num="392" count="9" type="stmt"/>
        <line num="393" count="9" type="cond" truecount="1" falsecount="1"/>
        <line num="394" count="0" type="stmt"/>
        <line num="396" count="9" type="stmt"/>
      </file>
    </package>
    <package name="src.utils">
      <metrics statements="178" coveredstatements="137" conditionals="105" coveredconditionals="80" methods="35" coveredmethods="25"/>
      <file name="fflogsParser.ts" path="D:\Programs\healerbook\src\utils\fflogsParser.ts">
        <metrics statements="13" coveredstatements="13" conditionals="8" coveredconditionals="7" methods="1" coveredmethods="1"/>
        <line num="19" count="15" type="stmt"/>
        <line num="20" count="15" type="stmt"/>
        <line num="23" count="15" type="stmt"/>
        <line num="24" count="15" type="cond" truecount="2" falsecount="0"/>
        <line num="25" count="7" type="stmt"/>
        <line num="26" count="8" type="cond" truecount="2" falsecount="0"/>
        <line num="29" count="6" type="stmt"/>
        <line num="30" count="6" type="cond" truecount="1" falsecount="1"/>
        <line num="31" count="6" type="stmt"/>
        <line num="36" count="15" type="stmt"/>
        <line num="37" count="15" type="cond" truecount="2" falsecount="0"/>
        <line num="38" count="10" type="stmt"/>
        <line num="41" count="15" type="stmt"/>
      </file>
      <file name="mitigationCalculator.ts" path="D:\Programs\healerbook\src\utils\mitigationCalculator.ts">
        <metrics statements="76" coveredstatements="70" conditionals="51" coveredconditionals="42" methods="13" coveredmethods="11"/>
        <line num="60" count="6" type="stmt"/>
        <line num="71" count="2" type="stmt"/>
        <line num="87" count="13" type="stmt"/>
        <line num="88" count="13" type="stmt"/>
        <line num="89" count="13" type="stmt"/>
        <line num="93" count="13" type="cond" truecount="2" falsecount="0"/>
        <line num="94" count="11" type="stmt"/>
        <line num="95" count="13" type="cond" truecount="2" falsecount="0"/>
        <line num="98" count="11" type="stmt"/>
        <line num="100" count="6" type="cond" truecount="2" falsecount="0"/>
        <line num="102" count="6" type="cond" truecount="1" falsecount="1"/>
        <line num="103" count="6" type="stmt"/>
        <line num="106" count="6" type="cond" truecount="1" falsecount="1"/>
        <line num="107" count="0" type="stmt"/>
        <line num="109" count="6" type="stmt"/>
        <line num="116" count="15" type="stmt"/>
        <line num="118" count="13" type="stmt"/>
        <line num="119" count="13" type="stmt"/>
        <line num="120" count="8" type="cond" truecount="1" falsecount="1"/>
        <line num="123" count="8" type="stmt"/>
        <line num="124" count="8" type="cond" truecount="2" falsecount="0"/>
        <line num="126" count="4" type="stmt"/>
        <line num="127" count="4" type="stmt"/>
        <line num="128" count="4" type="stmt"/>
        <line num="129" count="4" type="stmt"/>
        <line num="133" count="4" type="cond" truecount="2" falsecount="0"/>
        <line num="134" count="2" type="stmt"/>
        <line num="137" count="4" type="stmt"/>
        <line num="139" count="4" type="cond" truecount="2" falsecount="0"/>
        <line num="141" count="3" type="stmt"/>
        <line num="144" count="3" type="stmt"/>
        <line num="145" count="3" type="stmt"/>
        <line num="147" count="3" type="stmt"/>
        <line num="150" count="3" type="cond" truecount="3" falsecount="1"/>
        <line num="151" count="0" type="stmt"/>
        <line num="152" count="0" type="cond" truecount="0" falsecount="2"/>
        <line num="153" count="0" type="stmt"/>
        <line num="154" count="0" type="stmt"/>
        <line num="158" count="3" type="stmt"/>
        <line num="167" count="13" type="stmt"/>
        <line num="169" count="13" type="stmt"/>
        <line num="171" count="13" type="cond" truecount="1" falsecount="1"/>
        <line num="173" count="13" type="stmt"/>
        <line num="189" count="7" type="stmt"/>
        <line num="191" count="7" type="stmt"/>
        <line num="192" count="20" type="stmt"/>
        <line num="193" count="13" type="cond" truecount="1" falsecount="1"/>
        <line num="195" count="13" type="stmt"/>
        <line num="196" count="13" type="stmt"/>
        <line num="199" count="13" type="cond" truecount="4" falsecount="0"/>
        <line num="201" count="9" type="cond" truecount="1" falsecount="1"/>
        <line num="205" count="9" type="stmt"/>
        <line num="221" count="7" type="stmt"/>
        <line num="233" count="7" type="cond" truecount="2" falsecount="0"/>
        <line num="234" count="2" type="stmt"/>
        <line num="238" count="5" type="stmt"/>
        <line num="239" count="5" type="stmt"/>
        <line num="240" count="12" type="cond" truecount="4" falsecount="0"/>
        <line num="241" count="7" type="stmt"/>
        <line num="246" count="5" type="cond" truecount="2" falsecount="0"/>
        <line num="247" count="2" type="stmt"/>
        <line num="251" count="3" type="stmt"/>
        <line num="254" count="3" type="stmt"/>
        <line num="256" count="3" type="stmt"/>
        <line num="257" count="6" type="stmt"/>
        <line num="260" count="6" type="cond" truecount="2" falsecount="0"/>
        <line num="261" count="1" type="stmt"/>
        <line num="262" count="1" type="stmt"/>
        <line num="266" count="5" type="stmt"/>
        <line num="268" count="10" type="cond" truecount="2" falsecount="0"/>
        <line num="271" count="5" type="cond" truecount="2" falsecount="0"/>
        <line num="274" count="4" type="stmt"/>
        <line num="278" count="5" type="cond" truecount="2" falsecount="0"/>
        <line num="279" count="3" type="stmt"/>
        <line num="283" count="3" type="stmt"/>
        <line num="291" count="0" type="stmt"/>
      </file>
      <file name="mitigationCalculator.v2.ts" path="D:\Programs\healerbook\src\utils\mitigationCalculator.v2.ts">
        <metrics statements="44" coveredstatements="41" conditionals="34" coveredconditionals="29" methods="7" coveredmethods="6"/>
        <line num="54" count="12" type="stmt"/>
        <line num="55" count="12" type="stmt"/>
        <line num="58" count="12" type="stmt"/>
        <line num="59" count="12" type="stmt"/>
        <line num="61" count="12" type="stmt"/>
        <line num="62" count="14" type="stmt"/>
        <line num="63" count="14" type="cond" truecount="1" falsecount="1"/>
        <line num="65" count="14" type="cond" truecount="2" falsecount="0"/>
        <line num="67" count="9" type="stmt"/>
        <line num="68" count="9" type="stmt"/>
        <line num="69" count="9" type="stmt"/>
        <line num="73" count="12" type="stmt"/>
        <line num="76" count="12" type="stmt"/>
        <line num="78" count="24" type="cond" truecount="4" falsecount="0"/>
        <line num="79" count="12" type="stmt"/>
        <line num="82" count="12" type="stmt"/>
        <line num="83" count="12" type="stmt"/>
        <line num="84" count="12" type="cond" truecount="4" falsecount="0"/>
        <line num="85" count="5" type="cond" truecount="3" falsecount="1"/>
        <line num="88" count="5" type="cond" truecount="3" falsecount="1"/>
        <line num="91" count="5" type="stmt"/>
        <line num="92" count="5" type="stmt"/>
        <line num="94" count="5" type="stmt"/>
        <line num="96" count="5" type="stmt"/>
        <line num="102" count="12" type="stmt"/>
        <line num="108" count="12" type="stmt"/>
        <line num="110" count="12" type="stmt"/>
        <line num="134" count="26" type="stmt"/>
        <line num="136" count="26" type="stmt"/>
        <line num="138" count="39" type="cond" truecount="5" falsecount="0"/>
        <line num="139" count="12" type="stmt"/>
        <line num="142" count="27" type="stmt"/>
        <line num="144" count="19" type="cond" truecount="4" falsecount="0"/>
        <line num="145" count="16" type="stmt"/>
        <line num="150" count="26" type="stmt"/>
        <line num="163" count="9" type="cond" truecount="2" falsecount="2"/>
        <line num="165" count="8" type="stmt"/>
        <line num="167" count="1" type="stmt"/>
        <line num="169" count="0" type="stmt"/>
        <line num="171" count="0" type="stmt"/>
        <line num="182" count="1" type="stmt"/>
        <line num="183" count="1" type="stmt"/>
        <line num="184" count="1" type="stmt"/>
        <line num="192" count="0" type="stmt"/>
      </file>
      <file name="statusRegistry.ts" path="D:\Programs\healerbook\src\utils\statusRegistry.ts">
        <metrics statements="12" coveredstatements="12" conditionals="2" coveredconditionals="2" methods="7" coveredmethods="7"/>
        <line num="12" count="2" type="stmt"/>
        <line num="18" count="32" type="cond" truecount="2" falsecount="0"/>
        <line num="20" count="2" type="stmt"/>
        <line num="21" count="206" type="stmt"/>
        <line num="31" count="28" type="stmt"/>
        <line num="32" count="28" type="stmt"/>
        <line num="40" count="1" type="stmt"/>
        <line num="41" count="103" type="stmt"/>
        <line num="49" count="1" type="stmt"/>
        <line num="50" count="103" type="stmt"/>
        <line num="59" count="2" type="stmt"/>
        <line num="60" count="2" type="stmt"/>
      </file>
      <file name="timelineStorage.ts" path="D:\Programs\healerbook\src\utils\timelineStorage.ts">
        <metrics statements="33" coveredstatements="1" conditionals="10" coveredconditionals="0" methods="7" coveredmethods="0"/>
        <line num="7" count="1" type="stmt"/>
        <line num="21" count="0" type="stmt"/>
        <line num="22" count="0" type="stmt"/>
        <line num="23" count="0" type="cond" truecount="0" falsecount="2"/>
        <line num="24" count="0" type="stmt"/>
        <line num="26" count="0" type="stmt"/>
        <line num="27" count="0" type="stmt"/>
        <line num="35" count="0" type="stmt"/>
        <line num="36" count="0" type="stmt"/>
        <line num="37" count="0" type="cond" truecount="0" falsecount="2"/>
        <line num="38" count="0" type="stmt"/>
        <line num="40" count="0" type="stmt"/>
        <line num="41" count="0" type="stmt"/>
        <line num="49" count="0" type="stmt"/>
        <line num="51" count="0" type="stmt"/>
        <line num="54" count="0" type="stmt"/>
        <line num="55" count="0" type="stmt"/>
        <line num="57" count="0" type="stmt"/>
        <line num="65" count="0" type="cond" truecount="0" falsecount="2"/>
        <line num="66" count="0" type="stmt"/>
        <line num="68" count="0" type="stmt"/>
        <line num="71" count="0" type="stmt"/>
        <line num="73" count="0" type="stmt"/>
        <line num="74" count="0" type="stmt"/>
        <line num="82" count="0" type="stmt"/>
        <line num="84" count="0" type="stmt"/>
        <line num="87" count="0" type="stmt"/>
        <line num="88" count="0" type="stmt"/>
        <line num="89" count="0" type="stmt"/>
        <line num="91" count="0" type="stmt"/>
        <line num="92" count="0" type="stmt"/>
        <line num="100" count="0" type="stmt"/>
        <line num="102" count="0" type="stmt"/>
      </file>
    </package>
  </project>
</coverage>
