{"D:\\Programs\\healerbook\\ff14-overlay-vue\\src\\resources\\keigenn.ts": {"path":"D:\\Programs\\healerbook\\ff14-overlay-vue\\src\\resources\\keigenn.ts","statementMap":{"0":{"start":{"line":3,"column":72},"end":{"line":730,"column":null}}},"fnMap":{},"branchMap":{},"s":{"0":2},"f":{},"b":{},"meta":{"lastBranch":0,"lastFunction":0,"lastStatement":1,"seen":{"s:3:72:730:Infinity":0}}}
,"D:\\Programs\\healerbook\\src\\data\\mitigationActions.new.ts": {"path":"D:\\Programs\\healerbook\\src\\data\\mitigationActions.new.ts","statementMap":{"0":{"start":{"line":25,"column":53},"end":{"line":514,"column":null}},"1":{"start":{"line":156,"column":29},"end":{"line":158,"column":null}},"2":{"start":{"line":157,"column":17},"end":{"line":157,"column":null}},"3":{"start":{"line":159,"column":8},"end":{"line":161,"column":null}},"4":{"start":{"line":160,"column":10},"end":{"line":160,"column":null}},"5":{"start":{"line":164,"column":29},"end":{"line":164,"column":null}},"6":{"start":{"line":164,"column":63},"end":{"line":164,"column":81}},"7":{"start":{"line":166,"column":8},"end":{"line":169,"column":null}},"8":{"start":{"line":168,"column":10},"end":{"line":168,"column":null}},"9":{"start":{"line":172,"column":48},"end":{"line":180,"column":null}},"10":{"start":{"line":172,"column":88},"end":{"line":180,"column":10}},"11":{"start":{"line":182,"column":8},"end":{"line":188,"column":null}},"12":{"start":{"line":184,"column":57},"end":{"line":187,"column":12}},"13":{"start":{"line":205,"column":23},"end":{"line":207,"column":null}},"14":{"start":{"line":206,"column":17},"end":{"line":206,"column":null}},"15":{"start":{"line":208,"column":30},"end":{"line":208,"column":null}},"16":{"start":{"line":208,"column":59},"end":{"line":208,"column":78}},"17":{"start":{"line":210,"column":48},"end":{"line":210,"column":null}},"18":{"start":{"line":212,"column":8},"end":{"line":236,"column":null}},"19":{"start":{"line":214,"column":10},"end":{"line":222,"column":null}},"20":{"start":{"line":225,"column":10},"end":{"line":235,"column":null}},"21":{"start":{"line":226,"column":12},"end":{"line":234,"column":null}},"22":{"start":{"line":239,"column":31},"end":{"line":250,"column":null}},"23":{"start":{"line":240,"column":33},"end":{"line":240,"column":null}},"24":{"start":{"line":240,"column":59},"end":{"line":240,"column":84}},"25":{"start":{"line":242,"column":12},"end":{"line":244,"column":null}},"26":{"start":{"line":243,"column":41},"end":{"line":243,"column":60}},"27":{"start":{"line":246,"column":10},"end":{"line":249,"column":null}},"28":{"start":{"line":252,"column":8},"end":{"line":255,"column":null}}},"fnMap":{"0":{"name":"(anonymous_0)","decl":{"start":{"line":155,"column":16},"end":{"line":155,"column":17}},"loc":{"start":{"line":155,"column":49},"end":{"line":189,"column":null}},"line":155},"1":{"name":"(anonymous_1)","decl":{"start":{"line":157,"column":10},"end":{"line":157,"column":11}},"loc":{"start":{"line":157,"column":17},"end":{"line":157,"column":null}},"line":157},"2":{"name":"(anonymous_2)","decl":{"start":{"line":164,"column":56},"end":{"line":164,"column":57}},"loc":{"start":{"line":164,"column":63},"end":{"line":164,"column":81}},"line":164},"3":{"name":"(anonymous_3)","decl":{"start":{"line":172,"column":75},"end":{"line":172,"column":76}},"loc":{"start":{"line":172,"column":88},"end":{"line":180,"column":10}},"line":172},"4":{"name":"(anonymous_4)","decl":{"start":{"line":184,"column":46},"end":{"line":184,"column":47}},"loc":{"start":{"line":184,"column":57},"end":{"line":187,"column":12}},"line":184},"5":{"name":"(anonymous_5)","decl":{"start":{"line":204,"column":16},"end":{"line":204,"column":17}},"loc":{"start":{"line":204,"column":49},"end":{"line":256,"column":null}},"line":204},"6":{"name":"(anonymous_6)","decl":{"start":{"line":206,"column":10},"end":{"line":206,"column":11}},"loc":{"start":{"line":206,"column":17},"end":{"line":206,"column":null}},"line":206},"7":{"name":"(anonymous_7)","decl":{"start":{"line":208,"column":52},"end":{"line":208,"column":53}},"loc":{"start":{"line":208,"column":59},"end":{"line":208,"column":78}},"line":208},"8":{"name":"(anonymous_8)","decl":{"start":{"line":212,"column":39},"end":{"line":212,"column":40}},"loc":{"start":{"line":212,"column":51},"end":{"line":236,"column":9}},"line":212},"9":{"name":"(anonymous_9)","decl":{"start":{"line":239,"column":58},"end":{"line":239,"column":59}},"loc":{"start":{"line":239,"column":65},"end":{"line":250,"column":9}},"line":239},"10":{"name":"(anonymous_10)","decl":{"start":{"line":240,"column":52},"end":{"line":240,"column":53}},"loc":{"start":{"line":240,"column":59},"end":{"line":240,"column":84}},"line":240},"11":{"name":"(anonymous_11)","decl":{"start":{"line":243,"column":34},"end":{"line":243,"column":35}},"loc":{"start":{"line":243,"column":41},"end":{"line":243,"column":60}},"line":243}},"branchMap":{"0":{"loc":{"start":{"line":159,"column":8},"end":{"line":161,"column":null}},"type":"if","locations":[{"start":{"line":159,"column":8},"end":{"line":161,"column":null}},{"start":{},"end":{}}],"line":159},"1":{"loc":{"start":{"line":166,"column":8},"end":{"line":169,"column":null}},"type":"if","locations":[{"start":{"line":166,"column":8},"end":{"line":169,"column":null}},{"start":{},"end":{}}],"line":166},"2":{"loc":{"start":{"line":225,"column":10},"end":{"line":235,"column":null}},"type":"if","locations":[{"start":{"line":225,"column":10},"end":{"line":235,"column":null}},{"start":{},"end":{}}],"line":225},"3":{"loc":{"start":{"line":242,"column":12},"end":{"line":244,"column":null}},"type":"cond-expr","locations":[{"start":{"line":243,"column":16},"end":{"line":243,"column":null}},{"start":{"line":244,"column":16},"end":{"line":244,"column":null}}],"line":242},"4":{"loc":{"start":{"line":242,"column":12},"end":{"line":242,"column":null}},"type":"binary-expr","locations":[{"start":{"line":242,"column":12},"end":{"line":242,"column":29}},{"start":{"line":242,"column":29},"end":{"line":242,"column":null}}],"line":242}},"s":{"0":2,"1":1,"2":2,"3":1,"4":0,"5":1,"6":1,"7":1,"8":0,"9":1,"10":3,"11":1,"12":3,"13":1,"14":3,"15":1,"16":1,"17":1,"18":1,"19":3,"20":3,"21":3,"22":1,"23":3,"24":18,"25":3,"26":1,"27":3,"28":1},"f":{"0":1,"1":2,"2":1,"3":3,"4":3,"5":1,"6":3,"7":1,"8":3,"9":3,"10":18,"11":1},"b":{"0":[0,1],"1":[0,1],"2":[3,0],"3":[1,2],"4":[3,3]},"meta":{"lastBranch":5,"lastFunction":12,"lastStatement":29,"seen":{"s:25:53:514:Infinity":0,"f:155:16:155:17":0,"s:156:29:158:Infinity":1,"f:157:10:157:11":1,"s:157:17:157:Infinity":2,"b:159:8:161:Infinity:undefined:undefined:undefined:undefined":0,"s:159:8:161:Infinity":3,"s:160:10:160:Infinity":4,"s:164:29:164:Infinity":5,"f:164:56:164:57":2,"s:164:63:164:81":6,"b:166:8:169:Infinity:undefined:undefined:undefined:undefined":1,"s:166:8:169:Infinity":7,"s:168:10:168:Infinity":8,"s:172:48:180:Infinity":9,"f:172:75:172:76":3,"s:172:88:180:10":10,"s:182:8:188:Infinity":11,"f:184:46:184:47":4,"s:184:57:187:12":12,"f:204:16:204:17":5,"s:205:23:207:Infinity":13,"f:206:10:206:11":6,"s:206:17:206:Infinity":14,"s:208:30:208:Infinity":15,"f:208:52:208:53":7,"s:208:59:208:78":16,"s:210:48:210:Infinity":17,"s:212:8:236:Infinity":18,"f:212:39:212:40":8,"s:214:10:222:Infinity":19,"b:225:10:235:Infinity:undefined:undefined:undefined:undefined":2,"s:225:10:235:Infinity":20,"s:226:12:234:Infinity":21,"s:239:31:250:Infinity":22,"f:239:58:239:59":9,"s:240:33:240:Infinity":23,"f:240:52:240:53":10,"s:240:59:240:84":24,"s:242:12:244:Infinity":25,"b:243:16:243:Infinity:244:16:244:Infinity":3,"b:242:12:242:29:242:29:242:Infinity":4,"f:243:34:243:35":11,"s:243:41:243:60":26,"s:246:10:249:Infinity":27,"s:252:8:255:Infinity":28}}}
,"D:\\Programs\\healerbook\\src\\executors\\createEnemyDebuffExecutor.ts": {"path":"D:\\Programs\\healerbook\\src\\executors\\createEnemyDebuffExecutor.ts","statementMap":{"0":{"start":{"line":19,"column":2},"end":{"line":35,"column":null}},"1":{"start":{"line":20,"column":44},"end":{"line":26,"column":null}},"2":{"start":{"line":20,"column":73},"end":{"line":26,"column":6}},"3":{"start":{"line":28,"column":4},"end":{"line":34,"column":null}}},"fnMap":{"0":{"name":"createEnemyDebuffExecutor","decl":{"start":{"line":15,"column":16},"end":{"line":15,"column":null}},"loc":{"start":{"line":18,"column":18},"end":{"line":36,"column":null}},"line":18},"1":{"name":"(anonymous_1)","decl":{"start":{"line":19,"column":9},"end":{"line":19,"column":10}},"loc":{"start":{"line":19,"column":18},"end":{"line":35,"column":null}},"line":19},"2":{"name":"(anonymous_2)","decl":{"start":{"line":20,"column":58},"end":{"line":20,"column":59}},"loc":{"start":{"line":20,"column":73},"end":{"line":26,"column":6}},"line":20}},"branchMap":{},"s":{"0":7,"1":5,"2":5,"3":5},"f":{"0":7,"1":5,"2":5},"b":{},"meta":{"lastBranch":0,"lastFunction":3,"lastStatement":4,"seen":{"f:15:16:15:Infinity":0,"s:19:2:35:Infinity":0,"f:19:9:19:10":1,"s:20:44:26:Infinity":1,"f:20:58:20:59":2,"s:20:73:26:6":2,"s:28:4:34:Infinity":3}}}
,"D:\\Programs\\healerbook\\src\\executors\\createFriendlyBuffExecutor.ts": {"path":"D:\\Programs\\healerbook\\src\\executors\\createFriendlyBuffExecutor.ts","statementMap":{"0":{"start":{"line":21,"column":2},"end":{"line":46,"column":null}},"1":{"start":{"line":22,"column":20},"end":{"line":24,"column":null}},"2":{"start":{"line":24,"column":45},"end":{"line":24,"column":72}},"3":{"start":{"line":26,"column":44},"end":{"line":35,"column":null}},"4":{"start":{"line":27,"column":6},"end":{"line":34,"column":null}},"5":{"start":{"line":27,"column":35},"end":{"line":34,"column":8}},"6":{"start":{"line":37,"column":4},"end":{"line":45,"column":null}},"7":{"start":{"line":40,"column":31},"end":{"line":40,"column":null}},"8":{"start":{"line":40,"column":57},"end":{"line":40,"column":82}},"9":{"start":{"line":41,"column":8},"end":{"line":43,"column":null}}},"fnMap":{"0":{"name":"createFriendlyBuffExecutor","decl":{"start":{"line":16,"column":16},"end":{"line":16,"column":null}},"loc":{"start":{"line":20,"column":18},"end":{"line":47,"column":null}},"line":20},"1":{"name":"(anonymous_1)","decl":{"start":{"line":21,"column":9},"end":{"line":21,"column":10}},"loc":{"start":{"line":21,"column":18},"end":{"line":46,"column":null}},"line":21},"2":{"name":"(anonymous_2)","decl":{"start":{"line":24,"column":38},"end":{"line":24,"column":39}},"loc":{"start":{"line":24,"column":45},"end":{"line":24,"column":72}},"line":24},"3":{"name":"(anonymous_3)","decl":{"start":{"line":26,"column":60},"end":{"line":26,"column":61}},"loc":{"start":{"line":27,"column":6},"end":{"line":34,"column":null}},"line":27},"4":{"name":"(anonymous_4)","decl":{"start":{"line":27,"column":20},"end":{"line":27,"column":21}},"loc":{"start":{"line":27,"column":35},"end":{"line":34,"column":8}},"line":27},"5":{"name":"(anonymous_5)","decl":{"start":{"line":39,"column":42},"end":{"line":39,"column":43}},"loc":{"start":{"line":39,"column":49},"end":{"line":44,"column":7}},"line":39},"6":{"name":"(anonymous_6)","decl":{"start":{"line":40,"column":50},"end":{"line":40,"column":51}},"loc":{"start":{"line":40,"column":57},"end":{"line":40,"column":82}},"line":40}},"branchMap":{"0":{"loc":{"start":{"line":19,"column":2},"end":{"line":19,"column":null}},"type":"default-arg","locations":[{"start":{"line":19,"column":25},"end":{"line":19,"column":null}}],"line":19},"1":{"loc":{"start":{"line":22,"column":20},"end":{"line":24,"column":null}},"type":"cond-expr","locations":[{"start":{"line":23,"column":8},"end":{"line":23,"column":null}},{"start":{"line":24,"column":8},"end":{"line":24,"column":null}}],"line":22},"2":{"loc":{"start":{"line":41,"column":15},"end":{"line":43,"column":null}},"type":"cond-expr","locations":[{"start":{"line":42,"column":12},"end":{"line":42,"column":null}},{"start":{"line":43,"column":12},"end":{"line":43,"column":null}}],"line":41}},"s":{"0":42,"1":9,"2":2,"3":9,"4":19,"5":19,"6":9,"7":20,"8":44,"9":20},"f":{"0":42,"1":9,"2":2,"3":19,"4":19,"5":20,"6":44},"b":{"0":[42],"1":[8,1],"2":[19,1]},"meta":{"lastBranch":3,"lastFunction":7,"lastStatement":10,"seen":{"f:16:16:16:Infinity":0,"b:19:25:19:Infinity":0,"s:21:2:46:Infinity":0,"f:21:9:21:10":1,"s:22:20:24:Infinity":1,"b:23:8:23:Infinity:24:8:24:Infinity":1,"f:24:38:24:39":2,"s:24:45:24:72":2,"s:26:44:35:Infinity":3,"f:26:60:26:61":3,"s:27:6:34:Infinity":4,"f:27:20:27:21":4,"s:27:35:34:8":5,"s:37:4:45:Infinity":6,"f:39:42:39:43":5,"s:40:31:40:Infinity":7,"f:40:50:40:51":6,"s:40:57:40:82":8,"s:41:8:43:Infinity":9,"b:42:12:42:Infinity:43:12:43:Infinity":2}}}
,"D:\\Programs\\healerbook\\src\\executors\\createShieldExecutor.ts": {"path":"D:\\Programs\\healerbook\\src\\executors\\createShieldExecutor.ts","statementMap":{"0":{"start":{"line":23,"column":2},"end":{"line":49,"column":null}},"1":{"start":{"line":24,"column":20},"end":{"line":26,"column":null}},"2":{"start":{"line":26,"column":45},"end":{"line":26,"column":72}},"3":{"start":{"line":28,"column":44},"end":{"line":38,"column":null}},"4":{"start":{"line":29,"column":6},"end":{"line":37,"column":null}},"5":{"start":{"line":29,"column":35},"end":{"line":37,"column":8}},"6":{"start":{"line":40,"column":4},"end":{"line":48,"column":null}},"7":{"start":{"line":43,"column":31},"end":{"line":43,"column":null}},"8":{"start":{"line":43,"column":57},"end":{"line":43,"column":82}},"9":{"start":{"line":44,"column":8},"end":{"line":46,"column":null}}},"fnMap":{"0":{"name":"createShieldExecutor","decl":{"start":{"line":17,"column":16},"end":{"line":17,"column":null}},"loc":{"start":{"line":22,"column":18},"end":{"line":50,"column":null}},"line":22},"1":{"name":"(anonymous_1)","decl":{"start":{"line":23,"column":9},"end":{"line":23,"column":10}},"loc":{"start":{"line":23,"column":18},"end":{"line":49,"column":null}},"line":23},"2":{"name":"(anonymous_2)","decl":{"start":{"line":26,"column":38},"end":{"line":26,"column":39}},"loc":{"start":{"line":26,"column":45},"end":{"line":26,"column":72}},"line":26},"3":{"name":"(anonymous_3)","decl":{"start":{"line":28,"column":60},"end":{"line":28,"column":61}},"loc":{"start":{"line":29,"column":6},"end":{"line":37,"column":null}},"line":29},"4":{"name":"(anonymous_4)","decl":{"start":{"line":29,"column":20},"end":{"line":29,"column":21}},"loc":{"start":{"line":29,"column":35},"end":{"line":37,"column":8}},"line":29},"5":{"name":"(anonymous_5)","decl":{"start":{"line":42,"column":42},"end":{"line":42,"column":43}},"loc":{"start":{"line":42,"column":49},"end":{"line":47,"column":7}},"line":42},"6":{"name":"(anonymous_6)","decl":{"start":{"line":43,"column":50},"end":{"line":43,"column":51}},"loc":{"start":{"line":43,"column":57},"end":{"line":43,"column":82}},"line":43}},"branchMap":{"0":{"loc":{"start":{"line":20,"column":2},"end":{"line":20,"column":null}},"type":"default-arg","locations":[{"start":{"line":20,"column":25},"end":{"line":20,"column":null}}],"line":20},"1":{"loc":{"start":{"line":21,"column":2},"end":{"line":21,"column":null}},"type":"default-arg","locations":[{"start":{"line":21,"column":29},"end":{"line":21,"column":null}}],"line":21},"2":{"loc":{"start":{"line":24,"column":20},"end":{"line":26,"column":null}},"type":"cond-expr","locations":[{"start":{"line":25,"column":8},"end":{"line":25,"column":null}},{"start":{"line":26,"column":8},"end":{"line":26,"column":null}}],"line":24},"3":{"loc":{"start":{"line":44,"column":15},"end":{"line":46,"column":null}},"type":"cond-expr","locations":[{"start":{"line":45,"column":12},"end":{"line":45,"column":null}},{"start":{"line":46,"column":12},"end":{"line":46,"column":null}}],"line":44}},"s":{"0":14,"1":5,"2":7,"3":5,"4":8,"5":8,"6":5,"7":12,"8":20,"9":12},"f":{"0":14,"1":5,"2":7,"3":8,"4":8,"5":12,"6":20},"b":{"0":[14],"1":[14],"2":[2,3],"3":[8,4]},"meta":{"lastBranch":4,"lastFunction":7,"lastStatement":10,"seen":{"f:17:16:17:Infinity":0,"b:20:25:20:Infinity":0,"b:21:29:21:Infinity":1,"s:23:2:49:Infinity":0,"f:23:9:23:10":1,"s:24:20:26:Infinity":1,"b:25:8:25:Infinity:26:8:26:Infinity":2,"f:26:38:26:39":2,"s:26:45:26:72":2,"s:28:44:38:Infinity":3,"f:28:60:28:61":3,"s:29:6:37:Infinity":4,"f:29:20:29:21":4,"s:29:35:37:8":5,"s:40:4:48:Infinity":6,"f:42:42:42:43":5,"s:43:31:43:Infinity":7,"f:43:50:43:51":6,"s:43:57:43:82":8,"s:44:8:46:Infinity":9,"b:45:12:45:Infinity:46:12:46:Infinity":3}}}
,"D:\\Programs\\healerbook\\src\\executors\\index.ts": {"path":"D:\\Programs\\healerbook\\src\\executors\\index.ts","statementMap":{},"fnMap":{},"branchMap":{},"s":{},"f":{},"b":{},"meta":{"lastBranch":0,"lastFunction":0,"lastStatement":0,"seen":{}}}
,"D:\\Programs\\healerbook\\src\\executors\\utils.ts": {"path":"D:\\Programs\\healerbook\\src\\executors\\utils.ts","statementMap":{"0":{"start":{"line":12,"column":2},"end":{"line":12,"column":null}}},"fnMap":{"0":{"name":"generateId","decl":{"start":{"line":11,"column":16},"end":{"line":11,"column":37}},"loc":{"start":{"line":11,"column":37},"end":{"line":13,"column":null}},"line":11}},"branchMap":{},"s":{"0":41},"f":{"0":41},"b":{},"meta":{"lastBranch":0,"lastFunction":1,"lastStatement":1,"seen":{"f:11:16:11:37":0,"s:12:2:12:Infinity":0}}}
,"D:\\Programs\\healerbook\\src\\store\\timelineStore.ts": {"path":"D:\\Programs\\healerbook\\src\\store\\timelineStore.ts","statementMap":{"0":{"start":{"line":13,"column":24},"end":{"line":13,"column":null}},"1":{"start":{"line":76,"column":21},"end":{"line":85,"column":null}},"2":{"start":{"line":87,"column":13},"end":{"line":398,"column":null}},"3":{"start":{"line":87,"column":69},"end":{"line":398,"column":2}},"4":{"start":{"line":91,"column":4},"end":{"line":97,"column":null}},"5":{"start":{"line":99,"column":4},"end":{"line":101,"column":null}},"6":{"start":{"line":100,"column":6},"end":{"line":100,"column":null}},"7":{"start":{"line":105,"column":35},"end":{"line":117,"column":null}},"8":{"start":{"line":106,"column":52},"end":{"line":112,"column":8}},"9":{"start":{"line":118,"column":4},"end":{"line":118,"column":null}},"10":{"start":{"line":122,"column":18},"end":{"line":122,"column":null}},"11":{"start":{"line":123,"column":4},"end":{"line":123,"column":null}},"12":{"start":{"line":123,"column":27},"end":{"line":123,"column":null}},"13":{"start":{"line":126,"column":19},"end":{"line":126,"column":null}},"14":{"start":{"line":126,"column":55},"end":{"line":126,"column":72}},"15":{"start":{"line":127,"column":4},"end":{"line":130,"column":null}},"16":{"start":{"line":128,"column":6},"end":{"line":128,"column":null}},"17":{"start":{"line":129,"column":6},"end":{"line":129,"column":null}},"18":{"start":{"line":133,"column":44},"end":{"line":138,"column":null}},"19":{"start":{"line":141,"column":26},"end":{"line":141,"column":null}},"20":{"start":{"line":142,"column":4},"end":{"line":142,"column":null}},"21":{"start":{"line":146,"column":4},"end":{"line":146,"column":null}},"22":{"start":{"line":150,"column":18},"end":{"line":150,"column":null}},"23":{"start":{"line":151,"column":4},"end":{"line":151,"column":null}},"24":{"start":{"line":151,"column":46},"end":{"line":151,"column":null}},"25":{"start":{"line":154,"column":35},"end":{"line":163,"column":null}},"26":{"start":{"line":155,"column":52},"end":{"line":158,"column":8}},"27":{"start":{"line":166,"column":24},"end":{"line":168,"column":null}},"28":{"start":{"line":167,"column":21},"end":{"line":167,"column":35}},"29":{"start":{"line":168,"column":22},"end":{"line":168,"column":37}},"30":{"start":{"line":171,"column":4},"end":{"line":183,"column":null}},"31":{"start":{"line":172,"column":21},"end":{"line":172,"column":null}},"32":{"start":{"line":172,"column":57},"end":{"line":172,"column":85}},"33":{"start":{"line":173,"column":6},"end":{"line":173,"column":null}},"34":{"start":{"line":173,"column":19},"end":{"line":173,"column":null}},"35":{"start":{"line":175,"column":46},"end":{"line":180,"column":null}},"36":{"start":{"line":182,"column":6},"end":{"line":182,"column":null}},"37":{"start":{"line":186,"column":4},"end":{"line":196,"column":null}},"38":{"start":{"line":188,"column":48},"end":{"line":191,"column":8}},"39":{"start":{"line":190,"column":43},"end":{"line":190,"column":60}},"40":{"start":{"line":193,"column":60},"end":{"line":193,"column":77}},"41":{"start":{"line":198,"column":4},"end":{"line":198,"column":null}},"42":{"start":{"line":202,"column":18},"end":{"line":202,"column":null}},"43":{"start":{"line":203,"column":4},"end":{"line":203,"column":null}},"44":{"start":{"line":203,"column":27},"end":{"line":203,"column":null}},"45":{"start":{"line":205,"column":38},"end":{"line":215,"column":null}},"46":{"start":{"line":207,"column":52},"end":{"line":210,"column":8}},"47":{"start":{"line":209,"column":43},"end":{"line":209,"column":67}},"48":{"start":{"line":212,"column":64},"end":{"line":212,"column":88}},"49":{"start":{"line":217,"column":4},"end":{"line":217,"column":null}},"50":{"start":{"line":221,"column":4},"end":{"line":224,"column":null}},"51":{"start":{"line":227,"column":4},"end":{"line":230,"column":null}},"52":{"start":{"line":233,"column":4},"end":{"line":235,"column":null}},"53":{"start":{"line":238,"column":4},"end":{"line":240,"column":null}},"54":{"start":{"line":238,"column":20},"end":{"line":240,"column":6}},"55":{"start":{"line":243,"column":4},"end":{"line":245,"column":null}},"56":{"start":{"line":248,"column":4},"end":{"line":271,"column":null}},"57":{"start":{"line":249,"column":6},"end":{"line":249,"column":null}},"58":{"start":{"line":249,"column":27},"end":{"line":249,"column":null}},"59":{"start":{"line":252,"column":22},"end":{"line":256,"column":null}},"60":{"start":{"line":259,"column":34},"end":{"line":261,"column":null}},"61":{"start":{"line":260,"column":8},"end":{"line":260,"column":null}},"62":{"start":{"line":263,"column":6},"end":{"line":270,"column":null}},"63":{"start":{"line":272,"column":4},"end":{"line":272,"column":null}},"64":{"start":{"line":276,"column":4},"end":{"line":285,"column":null}},"65":{"start":{"line":277,"column":6},"end":{"line":277,"column":null}},"66":{"start":{"line":277,"column":27},"end":{"line":277,"column":null}},"67":{"start":{"line":279,"column":6},"end":{"line":284,"column":null}},"68":{"start":{"line":286,"column":4},"end":{"line":286,"column":null}},"69":{"start":{"line":290,"column":4},"end":{"line":301,"column":null}},"70":{"start":{"line":291,"column":6},"end":{"line":291,"column":null}},"71":{"start":{"line":291,"column":27},"end":{"line":291,"column":null}},"72":{"start":{"line":293,"column":6},"end":{"line":300,"column":null}},"73":{"start":{"line":297,"column":12},"end":{"line":297,"column":null}},"74":{"start":{"line":302,"column":4},"end":{"line":302,"column":null}},"75":{"start":{"line":306,"column":4},"end":{"line":319,"column":null}},"76":{"start":{"line":307,"column":6},"end":{"line":307,"column":null}},"77":{"start":{"line":307,"column":27},"end":{"line":307,"column":null}},"78":{"start":{"line":309,"column":6},"end":{"line":318,"column":null}},"79":{"start":{"line":312,"column":70},"end":{"line":312,"column":90}},"80":{"start":{"line":314,"column":28},"end":{"line":314,"column":null}},"81":{"start":{"line":320,"column":4},"end":{"line":320,"column":null}},"82":{"start":{"line":324,"column":4},"end":{"line":333,"column":null}},"83":{"start":{"line":325,"column":6},"end":{"line":325,"column":null}},"84":{"start":{"line":325,"column":27},"end":{"line":325,"column":null}},"85":{"start":{"line":327,"column":6},"end":{"line":332,"column":null}},"86":{"start":{"line":334,"column":4},"end":{"line":334,"column":null}},"87":{"start":{"line":338,"column":4},"end":{"line":349,"column":null}},"88":{"start":{"line":339,"column":6},"end":{"line":339,"column":null}},"89":{"start":{"line":339,"column":27},"end":{"line":339,"column":null}},"90":{"start":{"line":341,"column":6},"end":{"line":348,"column":null}},"91":{"start":{"line":345,"column":12},"end":{"line":345,"column":null}},"92":{"start":{"line":350,"column":4},"end":{"line":350,"column":null}},"93":{"start":{"line":354,"column":4},"end":{"line":367,"column":null}},"94":{"start":{"line":355,"column":6},"end":{"line":355,"column":null}},"95":{"start":{"line":355,"column":27},"end":{"line":355,"column":null}},"96":{"start":{"line":357,"column":6},"end":{"line":366,"column":null}},"97":{"start":{"line":361,"column":28},"end":{"line":361,"column":null}},"98":{"start":{"line":368,"column":4},"end":{"line":368,"column":null}},"99":{"start":{"line":372,"column":18},"end":{"line":372,"column":null}},"100":{"start":{"line":375,"column":4},"end":{"line":377,"column":null}},"101":{"start":{"line":376,"column":6},"end":{"line":376,"column":null}},"102":{"start":{"line":380,"column":18},"end":{"line":386,"column":null}},"103":{"start":{"line":381,"column":27},"end":{"line":381,"column":null}},"104":{"start":{"line":382,"column":6},"end":{"line":385,"column":null}},"105":{"start":{"line":383,"column":8},"end":{"line":383,"column":null}},"106":{"start":{"line":384,"column":8},"end":{"line":384,"column":null}},"107":{"start":{"line":388,"column":4},"end":{"line":388,"column":null}},"108":{"start":{"line":392,"column":18},"end":{"line":392,"column":null}},"109":{"start":{"line":393,"column":4},"end":{"line":395,"column":null}},"110":{"start":{"line":394,"column":6},"end":{"line":394,"column":null}},"111":{"start":{"line":396,"column":4},"end":{"line":396,"column":null}}},"fnMap":{"0":{"name":"(anonymous_0)","decl":{"start":{"line":87,"column":54},"end":{"line":87,"column":55}},"loc":{"start":{"line":87,"column":69},"end":{"line":398,"column":2}},"line":87},"1":{"name":"(anonymous_1)","decl":{"start":{"line":90,"column":15},"end":{"line":90,"column":16}},"loc":{"start":{"line":90,"column":29},"end":{"line":102,"column":null}},"line":90},"2":{"name":"(anonymous_2)","decl":{"start":{"line":104,"column":24},"end":{"line":104,"column":25}},"loc":{"start":{"line":104,"column":41},"end":{"line":119,"column":null}},"line":104},"3":{"name":"(anonymous_3)","decl":{"start":{"line":106,"column":39},"end":{"line":106,"column":40}},"loc":{"start":{"line":106,"column":52},"end":{"line":112,"column":8}},"line":106},"4":{"name":"(anonymous_4)","decl":{"start":{"line":121,"column":17},"end":{"line":121,"column":18}},"loc":{"start":{"line":121,"column":53},"end":{"line":143,"column":null}},"line":121},"5":{"name":"(anonymous_5)","decl":{"start":{"line":126,"column":48},"end":{"line":126,"column":49}},"loc":{"start":{"line":126,"column":55},"end":{"line":126,"column":72}},"line":126},"6":{"name":"(anonymous_6)","decl":{"start":{"line":145,"column":20},"end":{"line":145,"column":21}},"loc":{"start":{"line":145,"column":36},"end":{"line":147,"column":null}},"line":145},"7":{"name":"(anonymous_7)","decl":{"start":{"line":149,"column":23},"end":{"line":149,"column":24}},"loc":{"start":{"line":149,"column":33},"end":{"line":199,"column":null}},"line":149},"8":{"name":"(anonymous_8)","decl":{"start":{"line":155,"column":44},"end":{"line":155,"column":45}},"loc":{"start":{"line":155,"column":52},"end":{"line":158,"column":8}},"line":155},"9":{"name":"(anonymous_9)","decl":{"start":{"line":167,"column":14},"end":{"line":167,"column":15}},"loc":{"start":{"line":167,"column":21},"end":{"line":167,"column":35}},"line":167},"10":{"name":"(anonymous_10)","decl":{"start":{"line":168,"column":12},"end":{"line":168,"column":13}},"loc":{"start":{"line":168,"column":22},"end":{"line":168,"column":37}},"line":168},"11":{"name":"(anonymous_11)","decl":{"start":{"line":172,"column":50},"end":{"line":172,"column":51}},"loc":{"start":{"line":172,"column":57},"end":{"line":172,"column":85}},"line":172},"12":{"name":"(anonymous_12)","decl":{"start":{"line":188,"column":40},"end":{"line":188,"column":41}},"loc":{"start":{"line":188,"column":48},"end":{"line":191,"column":8}},"line":188},"13":{"name":"(anonymous_13)","decl":{"start":{"line":190,"column":36},"end":{"line":190,"column":37}},"loc":{"start":{"line":190,"column":43},"end":{"line":190,"column":60}},"line":190},"14":{"name":"(anonymous_14)","decl":{"start":{"line":193,"column":53},"end":{"line":193,"column":54}},"loc":{"start":{"line":193,"column":60},"end":{"line":193,"column":77}},"line":193},"15":{"name":"(anonymous_15)","decl":{"start":{"line":201,"column":26},"end":{"line":201,"column":27}},"loc":{"start":{"line":201,"column":43},"end":{"line":218,"column":null}},"line":201},"16":{"name":"(anonymous_16)","decl":{"start":{"line":207,"column":44},"end":{"line":207,"column":45}},"loc":{"start":{"line":207,"column":52},"end":{"line":210,"column":8}},"line":207},"17":{"name":"(anonymous_17)","decl":{"start":{"line":209,"column":36},"end":{"line":209,"column":37}},"loc":{"start":{"line":209,"column":43},"end":{"line":209,"column":67}},"line":209},"18":{"name":"(anonymous_18)","decl":{"start":{"line":212,"column":57},"end":{"line":212,"column":58}},"loc":{"start":{"line":212,"column":64},"end":{"line":212,"column":88}},"line":212},"19":{"name":"(anonymous_19)","decl":{"start":{"line":220,"column":15},"end":{"line":220,"column":16}},"loc":{"start":{"line":221,"column":4},"end":{"line":224,"column":null}},"line":221},"20":{"name":"(anonymous_20)","decl":{"start":{"line":226,"column":20},"end":{"line":226,"column":21}},"loc":{"start":{"line":227,"column":4},"end":{"line":230,"column":null}},"line":227},"21":{"name":"(anonymous_21)","decl":{"start":{"line":232,"column":18},"end":{"line":232,"column":19}},"loc":{"start":{"line":233,"column":4},"end":{"line":235,"column":null}},"line":233},"22":{"name":"(anonymous_22)","decl":{"start":{"line":237,"column":14},"end":{"line":237,"column":null}},"loc":{"start":{"line":238,"column":4},"end":{"line":240,"column":null}},"line":238},"23":{"name":"(anonymous_23)","decl":{"start":{"line":238,"column":8},"end":{"line":238,"column":9}},"loc":{"start":{"line":238,"column":20},"end":{"line":240,"column":6}},"line":238},"24":{"name":"(anonymous_24)","decl":{"start":{"line":242,"column":16},"end":{"line":242,"column":17}},"loc":{"start":{"line":243,"column":4},"end":{"line":245,"column":null}},"line":243},"25":{"name":"(anonymous_25)","decl":{"start":{"line":247,"column":21},"end":{"line":247,"column":22}},"loc":{"start":{"line":247,"column":38},"end":{"line":273,"column":null}},"line":247},"26":{"name":"(anonymous_26)","decl":{"start":{"line":248,"column":8},"end":{"line":248,"column":9}},"loc":{"start":{"line":248,"column":19},"end":{"line":271,"column":5}},"line":248},"27":{"name":"(anonymous_27)","decl":{"start":{"line":259,"column":78},"end":{"line":259,"column":79}},"loc":{"start":{"line":260,"column":8},"end":{"line":260,"column":null}},"line":260},"28":{"name":"(anonymous_28)","decl":{"start":{"line":275,"column":18},"end":{"line":275,"column":19}},"loc":{"start":{"line":275,"column":29},"end":{"line":287,"column":null}},"line":275},"29":{"name":"(anonymous_29)","decl":{"start":{"line":276,"column":8},"end":{"line":276,"column":9}},"loc":{"start":{"line":276,"column":19},"end":{"line":285,"column":5}},"line":276},"30":{"name":"(anonymous_30)","decl":{"start":{"line":289,"column":21},"end":{"line":289,"column":22}},"loc":{"start":{"line":289,"column":43},"end":{"line":303,"column":null}},"line":289},"31":{"name":"(anonymous_31)","decl":{"start":{"line":290,"column":8},"end":{"line":290,"column":9}},"loc":{"start":{"line":290,"column":19},"end":{"line":301,"column":5}},"line":290},"32":{"name":"(anonymous_32)","decl":{"start":{"line":296,"column":56},"end":{"line":296,"column":57}},"loc":{"start":{"line":297,"column":12},"end":{"line":297,"column":null}},"line":297},"33":{"name":"(anonymous_33)","decl":{"start":{"line":305,"column":21},"end":{"line":305,"column":22}},"loc":{"start":{"line":305,"column":34},"end":{"line":321,"column":null}},"line":305},"34":{"name":"(anonymous_34)","decl":{"start":{"line":306,"column":8},"end":{"line":306,"column":9}},"loc":{"start":{"line":306,"column":19},"end":{"line":319,"column":5}},"line":306},"35":{"name":"(anonymous_35)","decl":{"start":{"line":312,"column":59},"end":{"line":312,"column":60}},"loc":{"start":{"line":312,"column":70},"end":{"line":312,"column":90}},"line":312},"36":{"name":"(anonymous_36)","decl":{"start":{"line":314,"column":12},"end":{"line":314,"column":13}},"loc":{"start":{"line":314,"column":28},"end":{"line":314,"column":null}},"line":314},"37":{"name":"(anonymous_37)","decl":{"start":{"line":323,"column":17},"end":{"line":323,"column":18}},"loc":{"start":{"line":323,"column":33},"end":{"line":335,"column":null}},"line":323},"38":{"name":"(anonymous_38)","decl":{"start":{"line":324,"column":8},"end":{"line":324,"column":9}},"loc":{"start":{"line":324,"column":19},"end":{"line":333,"column":5}},"line":324},"39":{"name":"(anonymous_39)","decl":{"start":{"line":337,"column":20},"end":{"line":337,"column":21}},"loc":{"start":{"line":337,"column":47},"end":{"line":351,"column":null}},"line":337},"40":{"name":"(anonymous_40)","decl":{"start":{"line":338,"column":8},"end":{"line":338,"column":9}},"loc":{"start":{"line":338,"column":19},"end":{"line":349,"column":5}},"line":338},"41":{"name":"(anonymous_41)","decl":{"start":{"line":344,"column":74},"end":{"line":344,"column":75}},"loc":{"start":{"line":345,"column":12},"end":{"line":345,"column":null}},"line":345},"42":{"name":"(anonymous_42)","decl":{"start":{"line":353,"column":20},"end":{"line":353,"column":21}},"loc":{"start":{"line":353,"column":38},"end":{"line":369,"column":null}},"line":353},"43":{"name":"(anonymous_43)","decl":{"start":{"line":354,"column":8},"end":{"line":354,"column":9}},"loc":{"start":{"line":354,"column":19},"end":{"line":367,"column":5}},"line":354},"44":{"name":"(anonymous_44)","decl":{"start":{"line":361,"column":12},"end":{"line":361,"column":13}},"loc":{"start":{"line":361,"column":28},"end":{"line":361,"column":null}},"line":361},"45":{"name":"(anonymous_45)","decl":{"start":{"line":371,"column":19},"end":{"line":371,"column":25}},"loc":{"start":{"line":371,"column":25},"end":{"line":389,"column":null}},"line":371},"46":{"name":"(anonymous_46)","decl":{"start":{"line":380,"column":29},"end":{"line":380,"column":35}},"loc":{"start":{"line":380,"column":35},"end":{"line":386,"column":7}},"line":380},"47":{"name":"(anonymous_47)","decl":{"start":{"line":391,"column":9},"end":{"line":391,"column":15}},"loc":{"start":{"line":391,"column":15},"end":{"line":397,"column":null}},"line":391}},"branchMap":{"0":{"loc":{"start":{"line":99,"column":4},"end":{"line":101,"column":null}},"type":"if","locations":[{"start":{"line":99,"column":4},"end":{"line":101,"column":null}},{"start":{},"end":{}}],"line":99},"1":{"loc":{"start":{"line":123,"column":4},"end":{"line":123,"column":null}},"type":"if","locations":[{"start":{"line":123,"column":4},"end":{"line":123,"column":null}},{"start":{},"end":{}}],"line":123},"2":{"loc":{"start":{"line":127,"column":4},"end":{"line":130,"column":null}},"type":"if","locations":[{"start":{"line":127,"column":4},"end":{"line":130,"column":null}},{"start":{},"end":{}}],"line":127},"3":{"loc":{"start":{"line":151,"column":4},"end":{"line":151,"column":null}},"type":"if","locations":[{"start":{"line":151,"column":4},"end":{"line":151,"column":null}},{"start":{},"end":{}}],"line":151},"4":{"loc":{"start":{"line":151,"column":8},"end":{"line":151,"column":46}},"type":"binary-expr","locations":[{"start":{"line":151,"column":8},"end":{"line":151,"column":27}},{"start":{"line":151,"column":27},"end":{"line":151,"column":46}}],"line":151},"5":{"loc":{"start":{"line":173,"column":6},"end":{"line":173,"column":null}},"type":"if","locations":[{"start":{"line":173,"column":6},"end":{"line":173,"column":null}},{"start":{},"end":{}}],"line":173},"6":{"loc":{"start":{"line":203,"column":4},"end":{"line":203,"column":null}},"type":"if","locations":[{"start":{"line":203,"column":4},"end":{"line":203,"column":null}},{"start":{},"end":{}}],"line":203},"7":{"loc":{"start":{"line":249,"column":6},"end":{"line":249,"column":null}},"type":"if","locations":[{"start":{"line":249,"column":6},"end":{"line":249,"column":null}},{"start":{},"end":{}}],"line":249},"8":{"loc":{"start":{"line":253,"column":12},"end":{"line":253,"column":null}},"type":"binary-expr","locations":[{"start":{"line":253,"column":12},"end":{"line":253,"column":33}},{"start":{"line":253,"column":33},"end":{"line":253,"column":null}}],"line":253},"9":{"loc":{"start":{"line":254,"column":12},"end":{"line":254,"column":null}},"type":"binary-expr","locations":[{"start":{"line":254,"column":12},"end":{"line":254,"column":35}},{"start":{"line":254,"column":35},"end":{"line":254,"column":null}}],"line":254},"10":{"loc":{"start":{"line":255,"column":12},"end":{"line":255,"column":null}},"type":"binary-expr","locations":[{"start":{"line":255,"column":12},"end":{"line":255,"column":31}},{"start":{"line":255,"column":31},"end":{"line":255,"column":null}}],"line":255},"11":{"loc":{"start":{"line":277,"column":6},"end":{"line":277,"column":null}},"type":"if","locations":[{"start":{"line":277,"column":6},"end":{"line":277,"column":null}},{"start":{},"end":{}}],"line":277},"12":{"loc":{"start":{"line":291,"column":6},"end":{"line":291,"column":null}},"type":"if","locations":[{"start":{"line":291,"column":6},"end":{"line":291,"column":null}},{"start":{},"end":{}}],"line":291},"13":{"loc":{"start":{"line":297,"column":12},"end":{"line":297,"column":null}},"type":"cond-expr","locations":[{"start":{"line":297,"column":35},"end":{"line":297,"column":62}},{"start":{"line":297,"column":62},"end":{"line":297,"column":null}}],"line":297},"14":{"loc":{"start":{"line":307,"column":6},"end":{"line":307,"column":null}},"type":"if","locations":[{"start":{"line":307,"column":6},"end":{"line":307,"column":null}},{"start":{},"end":{}}],"line":307},"15":{"loc":{"start":{"line":317,"column":25},"end":{"line":317,"column":null}},"type":"cond-expr","locations":[{"start":{"line":317,"column":61},"end":{"line":317,"column":68}},{"start":{"line":317,"column":68},"end":{"line":317,"column":null}}],"line":317},"16":{"loc":{"start":{"line":325,"column":6},"end":{"line":325,"column":null}},"type":"if","locations":[{"start":{"line":325,"column":6},"end":{"line":325,"column":null}},{"start":{},"end":{}}],"line":325},"17":{"loc":{"start":{"line":339,"column":6},"end":{"line":339,"column":null}},"type":"if","locations":[{"start":{"line":339,"column":6},"end":{"line":339,"column":null}},{"start":{},"end":{}}],"line":339},"18":{"loc":{"start":{"line":345,"column":12},"end":{"line":345,"column":null}},"type":"cond-expr","locations":[{"start":{"line":345,"column":45},"end":{"line":345,"column":77}},{"start":{"line":345,"column":77},"end":{"line":345,"column":null}}],"line":345},"19":{"loc":{"start":{"line":355,"column":6},"end":{"line":355,"column":null}},"type":"if","locations":[{"start":{"line":355,"column":6},"end":{"line":355,"column":null}},{"start":{},"end":{}}],"line":355},"20":{"loc":{"start":{"line":365,"column":10},"end":{"line":365,"column":null}},"type":"cond-expr","locations":[{"start":{"line":365,"column":56},"end":{"line":365,"column":63}},{"start":{"line":365,"column":63},"end":{"line":365,"column":null}}],"line":365},"21":{"loc":{"start":{"line":375,"column":4},"end":{"line":377,"column":null}},"type":"if","locations":[{"start":{"line":375,"column":4},"end":{"line":377,"column":null}},{"start":{},"end":{}}],"line":375},"22":{"loc":{"start":{"line":382,"column":6},"end":{"line":385,"column":null}},"type":"if","locations":[{"start":{"line":382,"column":6},"end":{"line":385,"column":null}},{"start":{},"end":{}}],"line":382},"23":{"loc":{"start":{"line":393,"column":4},"end":{"line":395,"column":null}},"type":"if","locations":[{"start":{"line":393,"column":4},"end":{"line":395,"column":null}},{"start":{},"end":{}}],"line":393}},"s":{"0":1,"1":1,"2":1,"3":1,"4":3,"5":3,"6":3,"7":9,"8":18,"9":9,"10":4,"11":4,"12":0,"13":4,"14":11,"15":4,"16":0,"17":0,"18":4,"19":4,"20":4,"21":1,"22":4,"23":4,"24":0,"25":4,"26":8,"27":4,"28":6,"29":1,"30":4,"31":4,"32":6,"33":4,"34":0,"35":4,"36":4,"37":4,"38":8,"39":6,"40":1,"41":4,"42":2,"43":2,"44":0,"45":2,"46":4,"47":4,"48":0,"49":2,"50":0,"51":0,"52":0,"53":0,"54":0,"55":0,"56":0,"57":0,"58":0,"59":0,"60":0,"61":0,"62":0,"63":0,"64":0,"65":0,"66":0,"67":0,"68":0,"69":0,"70":0,"71":0,"72":0,"73":0,"74":0,"75":0,"76":0,"77":0,"78":0,"79":0,"80":0,"81":0,"82":0,"83":0,"84":0,"85":0,"86":0,"87":0,"88":0,"89":0,"90":0,"91":0,"92":0,"93":0,"94":0,"95":0,"96":0,"97":0,"98":0,"99":0,"100":0,"101":0,"102":0,"103":0,"104":0,"105":0,"106":0,"107":0,"108":9,"109":9,"110":0,"111":9},"f":{"0":1,"1":3,"2":9,"3":18,"4":4,"5":11,"6":1,"7":4,"8":8,"9":6,"10":1,"11":6,"12":8,"13":6,"14":1,"15":2,"16":4,"17":4,"18":0,"19":0,"20":0,"21":0,"22":0,"23":0,"24":0,"25":0,"26":0,"27":0,"28":0,"29":0,"30":0,"31":0,"32":0,"33":0,"34":0,"35":0,"36":0,"37":0,"38":0,"39":0,"40":0,"41":0,"42":0,"43":0,"44":0,"45":0,"46":0,"47":9},"b":{"0":[3,0],"1":[0,4],"2":[0,4],"3":[0,4],"4":[4,4],"5":[0,4],"6":[0,2],"7":[0,0],"8":[0,0],"9":[0,0],"10":[0,0],"11":[0,0],"12":[0,0],"13":[0,0],"14":[0,0],"15":[0,0],"16":[0,0],"17":[0,0],"18":[0,0],"19":[0,0],"20":[0,0],"21":[0,0],"22":[0,0],"23":[0,9]},"meta":{"lastBranch":24,"lastFunction":48,"lastStatement":112,"seen":{"s:13:24:13:Infinity":0,"s:76:21:85:Infinity":1,"s:87:13:398:Infinity":2,"f:87:54:87:55":0,"s:87:69:398:2":3,"f:90:15:90:16":1,"s:91:4:97:Infinity":4,"b:99:4:101:Infinity:undefined:undefined:undefined:undefined":0,"s:99:4:101:Infinity":5,"s:100:6:100:Infinity":6,"f:104:24:104:25":2,"s:105:35:117:Infinity":7,"f:106:39:106:40":3,"s:106:52:112:8":8,"s:118:4:118:Infinity":9,"f:121:17:121:18":4,"s:122:18:122:Infinity":10,"b:123:4:123:Infinity:undefined:undefined:undefined:undefined":1,"s:123:4:123:Infinity":11,"s:123:27:123:Infinity":12,"s:126:19:126:Infinity":13,"f:126:48:126:49":5,"s:126:55:126:72":14,"b:127:4:130:Infinity:undefined:undefined:undefined:undefined":2,"s:127:4:130:Infinity":15,"s:128:6:128:Infinity":16,"s:129:6:129:Infinity":17,"s:133:44:138:Infinity":18,"s:141:26:141:Infinity":19,"s:142:4:142:Infinity":20,"f:145:20:145:21":6,"s:146:4:146:Infinity":21,"f:149:23:149:24":7,"s:150:18:150:Infinity":22,"b:151:4:151:Infinity:undefined:undefined:undefined:undefined":3,"s:151:4:151:Infinity":23,"b:151:8:151:27:151:27:151:46":4,"s:151:46:151:Infinity":24,"s:154:35:163:Infinity":25,"f:155:44:155:45":8,"s:155:52:158:8":26,"s:166:24:168:Infinity":27,"f:167:14:167:15":9,"s:167:21:167:35":28,"f:168:12:168:13":10,"s:168:22:168:37":29,"s:171:4:183:Infinity":30,"s:172:21:172:Infinity":31,"f:172:50:172:51":11,"s:172:57:172:85":32,"b:173:6:173:Infinity:undefined:undefined:undefined:undefined":5,"s:173:6:173:Infinity":33,"s:173:19:173:Infinity":34,"s:175:46:180:Infinity":35,"s:182:6:182:Infinity":36,"s:186:4:196:Infinity":37,"f:188:40:188:41":12,"s:188:48:191:8":38,"f:190:36:190:37":13,"s:190:43:190:60":39,"f:193:53:193:54":14,"s:193:60:193:77":40,"s:198:4:198:Infinity":41,"f:201:26:201:27":15,"s:202:18:202:Infinity":42,"b:203:4:203:Infinity:undefined:undefined:undefined:undefined":6,"s:203:4:203:Infinity":43,"s:203:27:203:Infinity":44,"s:205:38:215:Infinity":45,"f:207:44:207:45":16,"s:207:52:210:8":46,"f:209:36:209:37":17,"s:209:43:209:67":47,"f:212:57:212:58":18,"s:212:64:212:88":48,"s:217:4:217:Infinity":49,"f:220:15:220:16":19,"s:221:4:224:Infinity":50,"f:226:20:226:21":20,"s:227:4:230:Infinity":51,"f:232:18:232:19":21,"s:233:4:235:Infinity":52,"f:237:14:237:Infinity":22,"s:238:4:240:Infinity":53,"f:238:8:238:9":23,"s:238:20:240:6":54,"f:242:16:242:17":24,"s:243:4:245:Infinity":55,"f:247:21:247:22":25,"s:248:4:271:Infinity":56,"f:248:8:248:9":26,"b:249:6:249:Infinity:undefined:undefined:undefined:undefined":7,"s:249:6:249:Infinity":57,"s:249:27:249:Infinity":58,"s:252:22:256:Infinity":59,"b:253:12:253:33:253:33:253:Infinity":8,"b:254:12:254:35:254:35:254:Infinity":9,"b:255:12:255:31:255:31:255:Infinity":10,"s:259:34:261:Infinity":60,"f:259:78:259:79":27,"s:260:8:260:Infinity":61,"s:263:6:270:Infinity":62,"s:272:4:272:Infinity":63,"f:275:18:275:19":28,"s:276:4:285:Infinity":64,"f:276:8:276:9":29,"b:277:6:277:Infinity:undefined:undefined:undefined:undefined":11,"s:277:6:277:Infinity":65,"s:277:27:277:Infinity":66,"s:279:6:284:Infinity":67,"s:286:4:286:Infinity":68,"f:289:21:289:22":30,"s:290:4:301:Infinity":69,"f:290:8:290:9":31,"b:291:6:291:Infinity:undefined:undefined:undefined:undefined":12,"s:291:6:291:Infinity":70,"s:291:27:291:Infinity":71,"s:293:6:300:Infinity":72,"f:296:56:296:57":32,"s:297:12:297:Infinity":73,"b:297:35:297:62:297:62:297:Infinity":13,"s:302:4:302:Infinity":74,"f:305:21:305:22":33,"s:306:4:319:Infinity":75,"f:306:8:306:9":34,"b:307:6:307:Infinity:undefined:undefined:undefined:undefined":14,"s:307:6:307:Infinity":76,"s:307:27:307:Infinity":77,"s:309:6:318:Infinity":78,"f:312:59:312:60":35,"s:312:70:312:90":79,"f:314:12:314:13":36,"s:314:28:314:Infinity":80,"b:317:61:317:68:317:68:317:Infinity":15,"s:320:4:320:Infinity":81,"f:323:17:323:18":37,"s:324:4:333:Infinity":82,"f:324:8:324:9":38,"b:325:6:325:Infinity:undefined:undefined:undefined:undefined":16,"s:325:6:325:Infinity":83,"s:325:27:325:Infinity":84,"s:327:6:332:Infinity":85,"s:334:4:334:Infinity":86,"f:337:20:337:21":39,"s:338:4:349:Infinity":87,"f:338:8:338:9":40,"b:339:6:339:Infinity:undefined:undefined:undefined:undefined":17,"s:339:6:339:Infinity":88,"s:339:27:339:Infinity":89,"s:341:6:348:Infinity":90,"f:344:74:344:75":41,"s:345:12:345:Infinity":91,"b:345:45:345:77:345:77:345:Infinity":18,"s:350:4:350:Infinity":92,"f:353:20:353:21":42,"s:354:4:367:Infinity":93,"f:354:8:354:9":43,"b:355:6:355:Infinity:undefined:undefined:undefined:undefined":19,"s:355:6:355:Infinity":94,"s:355:27:355:Infinity":95,"s:357:6:366:Infinity":96,"f:361:12:361:13":44,"s:361:28:361:Infinity":97,"b:365:56:365:63:365:63:365:Infinity":20,"s:368:4:368:Infinity":98,"f:371:19:371:25":45,"s:372:18:372:Infinity":99,"b:375:4:377:Infinity:undefined:undefined:undefined:undefined":21,"s:375:4:377:Infinity":100,"s:376:6:376:Infinity":101,"s:380:18:386:Infinity":102,"f:380:29:380:35":46,"s:381:27:381:Infinity":103,"b:382:6:385:Infinity:undefined:undefined:undefined:undefined":22,"s:382:6:385:Infinity":104,"s:383:8:383:Infinity":105,"s:384:8:384:Infinity":106,"s:388:4:388:Infinity":107,"f:391:9:391:15":47,"s:392:18:392:Infinity":108,"b:393:4:395:Infinity:undefined:undefined:undefined:undefined":23,"s:393:4:395:Infinity":109,"s:394:6:394:Infinity":110,"s:396:4:396:Infinity":111}}}
,"D:\\Programs\\healerbook\\src\\utils\\fflogsParser.ts": {"path":"D:\\Programs\\healerbook\\src\\utils\\fflogsParser.ts","statementMap":{"0":{"start":{"line":19,"column":34},"end":{"line":19,"column":null}},"1":{"start":{"line":20,"column":31},"end":{"line":20,"column":null}},"2":{"start":{"line":23,"column":22},"end":{"line":23,"column":null}},"3":{"start":{"line":24,"column":2},"end":{"line":33,"column":null}},"4":{"start":{"line":25,"column":4},"end":{"line":25,"column":null}},"5":{"start":{"line":26,"column":2},"end":{"line":33,"column":null}},"6":{"start":{"line":29,"column":22},"end":{"line":29,"column":null}},"7":{"start":{"line":30,"column":4},"end":{"line":32,"column":null}},"8":{"start":{"line":31,"column":6},"end":{"line":31,"column":null}},"9":{"start":{"line":36,"column":21},"end":{"line":36,"column":null}},"10":{"start":{"line":37,"column":2},"end":{"line":39,"column":null}},"11":{"start":{"line":38,"column":4},"end":{"line":38,"column":null}},"12":{"start":{"line":41,"column":2},"end":{"line":41,"column":null}}},"fnMap":{"0":{"name":"parseFFLogsUrl","decl":{"start":{"line":15,"column":16},"end":{"line":15,"column":31}},"loc":{"start":{"line":18,"column":2},"end":{"line":42,"column":null}},"line":18}},"branchMap":{"0":{"loc":{"start":{"line":24,"column":2},"end":{"line":33,"column":null}},"type":"if","locations":[{"start":{"line":24,"column":2},"end":{"line":33,"column":null}},{"start":{"line":26,"column":2},"end":{"line":33,"column":null}}],"line":24},"1":{"loc":{"start":{"line":26,"column":2},"end":{"line":33,"column":null}},"type":"if","locations":[{"start":{"line":26,"column":2},"end":{"line":33,"column":null}},{"start":{},"end":{}}],"line":26},"2":{"loc":{"start":{"line":30,"column":4},"end":{"line":32,"column":null}},"type":"if","locations":[{"start":{"line":30,"column":4},"end":{"line":32,"column":null}},{"start":{},"end":{}}],"line":30},"3":{"loc":{"start":{"line":37,"column":2},"end":{"line":39,"column":null}},"type":"if","locations":[{"start":{"line":37,"column":2},"end":{"line":39,"column":null}},{"start":{},"end":{}}],"line":37}},"s":{"0":15,"1":15,"2":15,"3":15,"4":7,"5":8,"6":6,"7":6,"8":6,"9":15,"10":15,"11":10,"12":15},"f":{"0":15},"b":{"0":[7,8],"1":[6,2],"2":[6,0],"3":[10,5]},"meta":{"lastBranch":4,"lastFunction":1,"lastStatement":13,"seen":{"f:15:16:15:31":0,"s:19:34:19:Infinity":0,"s:20:31:20:Infinity":1,"s:23:22:23:Infinity":2,"b:24:2:33:Infinity:26:2:33:Infinity":0,"s:24:2:33:Infinity":3,"s:25:4:25:Infinity":4,"b:26:2:33:Infinity:undefined:undefined:undefined:undefined":1,"s:26:2:33:Infinity":5,"s:29:22:29:Infinity":6,"b:30:4:32:Infinity:undefined:undefined:undefined:undefined":2,"s:30:4:32:Infinity":7,"s:31:6:31:Infinity":8,"s:36:21:36:Infinity":9,"b:37:2:39:Infinity:undefined:undefined:undefined:undefined":3,"s:37:2:39:Infinity":10,"s:38:4:38:Infinity":11,"s:41:2:41:Infinity":12}}}
,"D:\\Programs\\healerbook\\src\\utils\\mitigationCalculator.ts": {"path":"D:\\Programs\\healerbook\\src\\utils\\mitigationCalculator.ts","statementMap":{"0":{"start":{"line":60,"column":46},"end":{"line":60,"column":null}},"1":{"start":{"line":71,"column":4},"end":{"line":71,"column":null}},"2":{"start":{"line":87,"column":17},"end":{"line":87,"column":null}},"3":{"start":{"line":88,"column":47},"end":{"line":88,"column":null}},"4":{"start":{"line":89,"column":27},"end":{"line":89,"column":null}},"5":{"start":{"line":93,"column":4},"end":{"line":112,"column":null}},"6":{"start":{"line":94,"column":32},"end":{"line":96,"column":null}},"7":{"start":{"line":95,"column":13},"end":{"line":95,"column":null}},"8":{"start":{"line":98,"column":6},"end":{"line":111,"column":null}},"9":{"start":{"line":100,"column":28},"end":{"line":100,"column":null}},"10":{"start":{"line":102,"column":8},"end":{"line":110,"column":null}},"11":{"start":{"line":103,"column":10},"end":{"line":103,"column":null}},"12":{"start":{"line":106,"column":10},"end":{"line":108,"column":null}},"13":{"start":{"line":107,"column":12},"end":{"line":107,"column":null}},"14":{"start":{"line":109,"column":10},"end":{"line":109,"column":null}},"15":{"start":{"line":116,"column":27},"end":{"line":116,"column":null}},"16":{"start":{"line":116,"column":47},"end":{"line":116,"column":60}},"17":{"start":{"line":118,"column":26},"end":{"line":118,"column":null}},"18":{"start":{"line":119,"column":4},"end":{"line":165,"column":null}},"19":{"start":{"line":120,"column":6},"end":{"line":120,"column":null}},"20":{"start":{"line":120,"column":32},"end":{"line":120,"column":null}},"21":{"start":{"line":123,"column":27},"end":{"line":123,"column":null}},"22":{"start":{"line":124,"column":6},"end":{"line":130,"column":null}},"23":{"start":{"line":126,"column":29},"end":{"line":126,"column":null}},"24":{"start":{"line":127,"column":8},"end":{"line":127,"column":null}},"25":{"start":{"line":128,"column":8},"end":{"line":128,"column":null}},"26":{"start":{"line":129,"column":8},"end":{"line":129,"column":null}},"27":{"start":{"line":133,"column":6},"end":{"line":135,"column":null}},"28":{"start":{"line":134,"column":8},"end":{"line":134,"column":null}},"29":{"start":{"line":137,"column":31},"end":{"line":137,"column":null}},"30":{"start":{"line":139,"column":6},"end":{"line":164,"column":null}},"31":{"start":{"line":141,"column":33},"end":{"line":141,"column":null}},"32":{"start":{"line":144,"column":32},"end":{"line":144,"column":null}},"33":{"start":{"line":145,"column":8},"end":{"line":145,"column":null}},"34":{"start":{"line":147,"column":8},"end":{"line":147,"column":null}},"35":{"start":{"line":150,"column":8},"end":{"line":163,"column":null}},"36":{"start":{"line":151,"column":33},"end":{"line":151,"column":null}},"37":{"start":{"line":151,"column":58},"end":{"line":151,"column":89}},"38":{"start":{"line":152,"column":10},"end":{"line":155,"column":null}},"39":{"start":{"line":153,"column":12},"end":{"line":153,"column":null}},"40":{"start":{"line":154,"column":12},"end":{"line":154,"column":null}},"41":{"start":{"line":158,"column":10},"end":{"line":162,"column":null}},"42":{"start":{"line":167,"column":4},"end":{"line":167,"column":null}},"43":{"start":{"line":169,"column":24},"end":{"line":169,"column":null}},"44":{"start":{"line":171,"column":6},"end":{"line":171,"column":null}},"45":{"start":{"line":173,"column":4},"end":{"line":178,"column":null}},"46":{"start":{"line":189,"column":40},"end":{"line":189,"column":null}},"47":{"start":{"line":191,"column":4},"end":{"line":218,"column":null}},"48":{"start":{"line":192,"column":21},"end":{"line":192,"column":null}},"49":{"start":{"line":192,"column":39},"end":{"line":192,"column":67}},"50":{"start":{"line":193,"column":6},"end":{"line":193,"column":null}},"51":{"start":{"line":193,"column":19},"end":{"line":193,"column":null}},"52":{"start":{"line":195,"column":24},"end":{"line":195,"column":null}},"53":{"start":{"line":196,"column":22},"end":{"line":196,"column":null}},"54":{"start":{"line":199,"column":6},"end":{"line":217,"column":null}},"55":{"start":{"line":201,"column":31},"end":{"line":203,"column":null}},"56":{"start":{"line":205,"column":8},"end":{"line":216,"column":null}},"57":{"start":{"line":221,"column":4},"end":{"line":221,"column":null}},"58":{"start":{"line":233,"column":4},"end":{"line":235,"column":null}},"59":{"start":{"line":234,"column":6},"end":{"line":234,"column":null}},"60":{"start":{"line":238,"column":33},"end":{"line":238,"column":null}},"61":{"start":{"line":239,"column":4},"end":{"line":243,"column":null}},"62":{"start":{"line":240,"column":6},"end":{"line":242,"column":null}},"63":{"start":{"line":241,"column":8},"end":{"line":241,"column":null}},"64":{"start":{"line":246,"column":4},"end":{"line":248,"column":null}},"65":{"start":{"line":247,"column":6},"end":{"line":247,"column":null}},"66":{"start":{"line":251,"column":26},"end":{"line":251,"column":null}},"67":{"start":{"line":251,"column":54},"end":{"line":251,"column":79}},"68":{"start":{"line":254,"column":48},"end":{"line":254,"column":null}},"69":{"start":{"line":256,"column":4},"end":{"line":281,"column":null}},"70":{"start":{"line":257,"column":35},"end":{"line":257,"column":null}},"71":{"start":{"line":260,"column":6},"end":{"line":263,"column":null}},"72":{"start":{"line":261,"column":8},"end":{"line":261,"column":null}},"73":{"start":{"line":262,"column":8},"end":{"line":262,"column":null}},"74":{"start":{"line":266,"column":40},"end":{"line":275,"column":null}},"75":{"start":{"line":268,"column":8},"end":{"line":268,"column":null}},"76":{"start":{"line":268,"column":62},"end":{"line":268,"column":null}},"77":{"start":{"line":271,"column":8},"end":{"line":271,"column":null}},"78":{"start":{"line":271,"column":61},"end":{"line":271,"column":null}},"79":{"start":{"line":274,"column":8},"end":{"line":274,"column":null}},"80":{"start":{"line":278,"column":6},"end":{"line":280,"column":null}},"81":{"start":{"line":279,"column":8},"end":{"line":279,"column":null}},"82":{"start":{"line":283,"column":4},"end":{"line":283,"column":null}},"83":{"start":{"line":291,"column":2},"end":{"line":291,"column":null}}},"fnMap":{"0":{"name":"(anonymous_0)","decl":{"start":{"line":63,"column":2},"end":{"line":63,"column":14}},"loc":{"start":{"line":63,"column":44},"end":{"line":65,"column":null}},"line":63},"1":{"name":"(anonymous_1)","decl":{"start":{"line":70,"column":2},"end":{"line":70,"column":22}},"loc":{"start":{"line":70,"column":22},"end":{"line":72,"column":null}},"line":70},"2":{"name":"(anonymous_2)","decl":{"start":{"line":82,"column":2},"end":{"line":82,"column":null}},"loc":{"start":{"line":86,"column":23},"end":{"line":179,"column":null}},"line":86},"3":{"name":"(anonymous_3)","decl":{"start":{"line":95,"column":8},"end":{"line":95,"column":13}},"loc":{"start":{"line":95,"column":13},"end":{"line":95,"column":null}},"line":95},"4":{"name":"(anonymous_4)","decl":{"start":{"line":116,"column":42},"end":{"line":116,"column":47}},"loc":{"start":{"line":116,"column":47},"end":{"line":116,"column":60}},"line":116},"5":{"name":"(anonymous_5)","decl":{"start":{"line":151,"column":53},"end":{"line":151,"column":58}},"loc":{"start":{"line":151,"column":58},"end":{"line":151,"column":89}},"line":151},"6":{"name":"(anonymous_6)","decl":{"start":{"line":184,"column":2},"end":{"line":184,"column":null}},"loc":{"start":{"line":188,"column":24},"end":{"line":222,"column":null}},"line":188},"7":{"name":"(anonymous_7)","decl":{"start":{"line":192,"column":34},"end":{"line":192,"column":39}},"loc":{"start":{"line":192,"column":39},"end":{"line":192,"column":67}},"line":192},"8":{"name":"(anonymous_8)","decl":{"start":{"line":228,"column":10},"end":{"line":228,"column":null}},"loc":{"start":{"line":231,"column":24},"end":{"line":284,"column":null}},"line":231},"9":{"name":"(anonymous_9)","decl":{"start":{"line":239,"column":20},"end":{"line":239,"column":30}},"loc":{"start":{"line":239,"column":30},"end":{"line":243,"column":5}},"line":239},"10":{"name":"(anonymous_10)","decl":{"start":{"line":251,"column":44},"end":{"line":251,"column":45}},"loc":{"start":{"line":251,"column":54},"end":{"line":251,"column":79}},"line":251},"11":{"name":"(anonymous_11)","decl":{"start":{"line":266,"column":59},"end":{"line":266,"column":74}},"loc":{"start":{"line":266,"column":74},"end":{"line":275,"column":7}},"line":266},"12":{"name":"createMitigationCalculator","decl":{"start":{"line":290,"column":16},"end":{"line":290,"column":43}},"loc":{"start":{"line":290,"column":94},"end":{"line":292,"column":null}},"line":290}},"branchMap":{"0":{"loc":{"start":{"line":85,"column":4},"end":{"line":85,"column":null}},"type":"default-arg","locations":[{"start":{"line":85,"column":29},"end":{"line":85,"column":null}}],"line":85},"1":{"loc":{"start":{"line":93,"column":4},"end":{"line":112,"column":null}},"type":"if","locations":[{"start":{"line":93,"column":4},"end":{"line":112,"column":null}},{"start":{},"end":{}}],"line":93},"2":{"loc":{"start":{"line":95,"column":13},"end":{"line":95,"column":null}},"type":"binary-expr","locations":[{"start":{"line":95,"column":13},"end":{"line":95,"column":35}},{"start":{"line":95,"column":35},"end":{"line":95,"column":null}}],"line":95},"3":{"loc":{"start":{"line":100,"column":28},"end":{"line":100,"column":null}},"type":"cond-expr","locations":[{"start":{"line":100,"column":56},"end":{"line":100,"column":78}},{"start":{"line":100,"column":78},"end":{"line":100,"column":null}}],"line":100},"4":{"loc":{"start":{"line":102,"column":8},"end":{"line":110,"column":null}},"type":"if","locations":[{"start":{"line":102,"column":8},"end":{"line":110,"column":null}},{"start":{},"end":{}}],"line":102},"5":{"loc":{"start":{"line":106,"column":10},"end":{"line":108,"column":null}},"type":"if","locations":[{"start":{"line":106,"column":10},"end":{"line":108,"column":null}},{"start":{},"end":{}}],"line":106},"6":{"loc":{"start":{"line":120,"column":6},"end":{"line":120,"column":null}},"type":"if","locations":[{"start":{"line":120,"column":6},"end":{"line":120,"column":null}},{"start":{},"end":{}}],"line":120},"7":{"loc":{"start":{"line":124,"column":6},"end":{"line":130,"column":null}},"type":"if","locations":[{"start":{"line":124,"column":6},"end":{"line":130,"column":null}},{"start":{},"end":{}}],"line":124},"8":{"loc":{"start":{"line":133,"column":6},"end":{"line":135,"column":null}},"type":"if","locations":[{"start":{"line":133,"column":6},"end":{"line":135,"column":null}},{"start":{},"end":{}}],"line":133},"9":{"loc":{"start":{"line":139,"column":6},"end":{"line":164,"column":null}},"type":"if","locations":[{"start":{"line":139,"column":6},"end":{"line":164,"column":null}},{"start":{},"end":{}}],"line":139},"10":{"loc":{"start":{"line":150,"column":8},"end":{"line":163,"column":null}},"type":"if","locations":[{"start":{"line":150,"column":8},"end":{"line":163,"column":null}},{"start":{"line":156,"column":15},"end":{"line":163,"column":null}}],"line":150},"11":{"loc":{"start":{"line":150,"column":12},"end":{"line":150,"column":62}},"type":"binary-expr","locations":[{"start":{"line":150,"column":12},"end":{"line":150,"column":28}},{"start":{"line":150,"column":28},"end":{"line":150,"column":62}}],"line":150},"12":{"loc":{"start":{"line":152,"column":10},"end":{"line":155,"column":null}},"type":"if","locations":[{"start":{"line":152,"column":10},"end":{"line":155,"column":null}},{"start":{},"end":{}}],"line":152},"13":{"loc":{"start":{"line":171,"column":6},"end":{"line":171,"column":null}},"type":"cond-expr","locations":[{"start":{"line":171,"column":23},"end":{"line":171,"column":85}},{"start":{"line":171,"column":85},"end":{"line":171,"column":null}}],"line":171},"14":{"loc":{"start":{"line":193,"column":6},"end":{"line":193,"column":null}},"type":"if","locations":[{"start":{"line":193,"column":6},"end":{"line":193,"column":null}},{"start":{},"end":{}}],"line":193},"15":{"loc":{"start":{"line":199,"column":6},"end":{"line":217,"column":null}},"type":"if","locations":[{"start":{"line":199,"column":6},"end":{"line":217,"column":null}},{"start":{},"end":{}}],"line":199},"16":{"loc":{"start":{"line":199,"column":10},"end":{"line":199,"column":48}},"type":"binary-expr","locations":[{"start":{"line":199,"column":10},"end":{"line":199,"column":31}},{"start":{"line":199,"column":31},"end":{"line":199,"column":48}}],"line":199},"17":{"loc":{"start":{"line":201,"column":31},"end":{"line":203,"column":null}},"type":"cond-expr","locations":[{"start":{"line":202,"column":12},"end":{"line":202,"column":null}},{"start":{"line":203,"column":12},"end":{"line":203,"column":null}}],"line":201},"18":{"loc":{"start":{"line":233,"column":4},"end":{"line":235,"column":null}},"type":"if","locations":[{"start":{"line":233,"column":4},"end":{"line":235,"column":null}},{"start":{},"end":{}}],"line":233},"19":{"loc":{"start":{"line":240,"column":6},"end":{"line":242,"column":null}},"type":"if","locations":[{"start":{"line":240,"column":6},"end":{"line":242,"column":null}},{"start":{},"end":{}}],"line":240},"20":{"loc":{"start":{"line":240,"column":10},"end":{"line":240,"column":63}},"type":"binary-expr","locations":[{"start":{"line":240,"column":10},"end":{"line":240,"column":32}},{"start":{"line":240,"column":32},"end":{"line":240,"column":63}}],"line":240},"21":{"loc":{"start":{"line":246,"column":4},"end":{"line":248,"column":null}},"type":"if","locations":[{"start":{"line":246,"column":4},"end":{"line":248,"column":null}},{"start":{},"end":{}}],"line":246},"22":{"loc":{"start":{"line":260,"column":6},"end":{"line":263,"column":null}},"type":"if","locations":[{"start":{"line":260,"column":6},"end":{"line":263,"column":null}},{"start":{},"end":{}}],"line":260},"23":{"loc":{"start":{"line":268,"column":8},"end":{"line":268,"column":null}},"type":"if","locations":[{"start":{"line":268,"column":8},"end":{"line":268,"column":null}},{"start":{},"end":{}}],"line":268},"24":{"loc":{"start":{"line":271,"column":8},"end":{"line":271,"column":null}},"type":"if","locations":[{"start":{"line":271,"column":8},"end":{"line":271,"column":null}},{"start":{},"end":{}}],"line":271},"25":{"loc":{"start":{"line":278,"column":6},"end":{"line":280,"column":null}},"type":"if","locations":[{"start":{"line":278,"column":6},"end":{"line":280,"column":null}},{"start":{},"end":{}}],"line":278}},"s":{"0":6,"1":2,"2":13,"3":13,"4":13,"5":13,"6":11,"7":13,"8":11,"9":6,"10":6,"11":6,"12":6,"13":0,"14":6,"15":13,"16":15,"17":13,"18":13,"19":8,"20":0,"21":8,"22":8,"23":4,"24":4,"25":4,"26":4,"27":4,"28":2,"29":4,"30":4,"31":3,"32":3,"33":3,"34":3,"35":3,"36":0,"37":0,"38":0,"39":0,"40":0,"41":3,"42":13,"43":13,"44":13,"45":13,"46":7,"47":7,"48":13,"49":20,"50":13,"51":0,"52":13,"53":13,"54":13,"55":9,"56":9,"57":7,"58":7,"59":2,"60":5,"61":5,"62":12,"63":7,"64":5,"65":2,"66":3,"67":3,"68":3,"69":3,"70":6,"71":6,"72":1,"73":1,"74":5,"75":10,"76":5,"77":5,"78":1,"79":4,"80":5,"81":3,"82":3,"83":0},"f":{"0":6,"1":2,"2":13,"3":13,"4":15,"5":0,"6":7,"7":20,"8":7,"9":12,"10":3,"11":10,"12":0},"b":{"0":[13],"1":[11,2],"2":[13,7],"3":[5,1],"4":[6,0],"5":[0,6],"6":[0,8],"7":[4,4],"8":[2,2],"9":[3,1],"10":[0,3],"11":[3,3],"12":[0,0],"13":[13,0],"14":[0,13],"15":[9,4],"16":[13,11],"17":[0,9],"18":[2,5],"19":[7,5],"20":[12,7],"21":[2,3],"22":[1,5],"23":[5,5],"24":[1,4],"25":[3,2]},"meta":{"lastBranch":26,"lastFunction":13,"lastStatement":84,"seen":{"s:60:46:60:Infinity":0,"f:63:2:63:14":0,"f:70:2:70:22":1,"s:71:4:71:Infinity":1,"f:82:2:82:Infinity":2,"b:85:29:85:Infinity":0,"s:87:17:87:Infinity":2,"s:88:47:88:Infinity":3,"s:89:27:89:Infinity":4,"b:93:4:112:Infinity:undefined:undefined:undefined:undefined":1,"s:93:4:112:Infinity":5,"s:94:32:96:Infinity":6,"f:95:8:95:13":3,"s:95:13:95:Infinity":7,"b:95:13:95:35:95:35:95:Infinity":2,"s:98:6:111:Infinity":8,"s:100:28:100:Infinity":9,"b:100:56:100:78:100:78:100:Infinity":3,"b:102:8:110:Infinity:undefined:undefined:undefined:undefined":4,"s:102:8:110:Infinity":10,"s:103:10:103:Infinity":11,"b:106:10:108:Infinity:undefined:undefined:undefined:undefined":5,"s:106:10:108:Infinity":12,"s:107:12:107:Infinity":13,"s:109:10:109:Infinity":14,"s:116:27:116:Infinity":15,"f:116:42:116:47":4,"s:116:47:116:60":16,"s:118:26:118:Infinity":17,"s:119:4:165:Infinity":18,"b:120:6:120:Infinity:undefined:undefined:undefined:undefined":6,"s:120:6:120:Infinity":19,"s:120:32:120:Infinity":20,"s:123:27:123:Infinity":21,"b:124:6:130:Infinity:undefined:undefined:undefined:undefined":7,"s:124:6:130:Infinity":22,"s:126:29:126:Infinity":23,"s:127:8:127:Infinity":24,"s:128:8:128:Infinity":25,"s:129:8:129:Infinity":26,"b:133:6:135:Infinity:undefined:undefined:undefined:undefined":8,"s:133:6:135:Infinity":27,"s:134:8:134:Infinity":28,"s:137:31:137:Infinity":29,"b:139:6:164:Infinity:undefined:undefined:undefined:undefined":9,"s:139:6:164:Infinity":30,"s:141:33:141:Infinity":31,"s:144:32:144:Infinity":32,"s:145:8:145:Infinity":33,"s:147:8:147:Infinity":34,"b:150:8:163:Infinity:156:15:163:Infinity":10,"s:150:8:163:Infinity":35,"b:150:12:150:28:150:28:150:62":11,"s:151:33:151:Infinity":36,"f:151:53:151:58":5,"s:151:58:151:89":37,"b:152:10:155:Infinity:undefined:undefined:undefined:undefined":12,"s:152:10:155:Infinity":38,"s:153:12:153:Infinity":39,"s:154:12:154:Infinity":40,"s:158:10:162:Infinity":41,"s:167:4:167:Infinity":42,"s:169:24:169:Infinity":43,"s:171:6:171:Infinity":44,"b:171:23:171:85:171:85:171:Infinity":13,"s:173:4:178:Infinity":45,"f:184:2:184:Infinity":6,"s:189:40:189:Infinity":46,"s:191:4:218:Infinity":47,"s:192:21:192:Infinity":48,"f:192:34:192:39":7,"s:192:39:192:67":49,"b:193:6:193:Infinity:undefined:undefined:undefined:undefined":14,"s:193:6:193:Infinity":50,"s:193:19:193:Infinity":51,"s:195:24:195:Infinity":52,"s:196:22:196:Infinity":53,"b:199:6:217:Infinity:undefined:undefined:undefined:undefined":15,"s:199:6:217:Infinity":54,"b:199:10:199:31:199:31:199:48":16,"s:201:31:203:Infinity":55,"b:202:12:202:Infinity:203:12:203:Infinity":17,"s:205:8:216:Infinity":56,"s:221:4:221:Infinity":57,"f:228:10:228:Infinity":8,"b:233:4:235:Infinity:undefined:undefined:undefined:undefined":18,"s:233:4:235:Infinity":58,"s:234:6:234:Infinity":59,"s:238:33:238:Infinity":60,"s:239:4:243:Infinity":61,"f:239:20:239:30":9,"b:240:6:242:Infinity:undefined:undefined:undefined:undefined":19,"s:240:6:242:Infinity":62,"b:240:10:240:32:240:32:240:63":20,"s:241:8:241:Infinity":63,"b:246:4:248:Infinity:undefined:undefined:undefined:undefined":21,"s:246:4:248:Infinity":64,"s:247:6:247:Infinity":65,"s:251:26:251:Infinity":66,"f:251:44:251:45":10,"s:251:54:251:79":67,"s:254:48:254:Infinity":68,"s:256:4:281:Infinity":69,"s:257:35:257:Infinity":70,"b:260:6:263:Infinity:undefined:undefined:undefined:undefined":22,"s:260:6:263:Infinity":71,"s:261:8:261:Infinity":72,"s:262:8:262:Infinity":73,"s:266:40:275:Infinity":74,"f:266:59:266:74":11,"b:268:8:268:Infinity:undefined:undefined:undefined:undefined":23,"s:268:8:268:Infinity":75,"s:268:62:268:Infinity":76,"b:271:8:271:Infinity:undefined:undefined:undefined:undefined":24,"s:271:8:271:Infinity":77,"s:271:61:271:Infinity":78,"s:274:8:274:Infinity":79,"b:278:6:280:Infinity:undefined:undefined:undefined:undefined":25,"s:278:6:280:Infinity":80,"s:279:8:279:Infinity":81,"s:283:4:283:Infinity":82,"f:290:16:290:43":12,"s:291:2:291:Infinity":83}}}
,"D:\\Programs\\healerbook\\src\\utils\\mitigationCalculator.v2.ts": {"path":"D:\\Programs\\healerbook\\src\\utils\\mitigationCalculator.v2.ts","statementMap":{"0":{"start":{"line":54,"column":29},"end":{"line":54,"column":null}},"1":{"start":{"line":55,"column":26},"end":{"line":55,"column":null}},"2":{"start":{"line":58,"column":21},"end":{"line":58,"column":null}},"3":{"start":{"line":59,"column":48},"end":{"line":59,"column":null}},"4":{"start":{"line":61,"column":4},"end":{"line":71,"column":null}},"5":{"start":{"line":62,"column":12},"end":{"line":62,"column":null}},"6":{"start":{"line":63,"column":6},"end":{"line":63,"column":null}},"7":{"start":{"line":63,"column":17},"end":{"line":63,"column":null}},"8":{"start":{"line":65,"column":6},"end":{"line":70,"column":null}},"9":{"start":{"line":67,"column":33},"end":{"line":67,"column":null}},"10":{"start":{"line":68,"column":8},"end":{"line":68,"column":null}},"11":{"start":{"line":69,"column":8},"end":{"line":69,"column":null}},"12":{"start":{"line":73,"column":17},"end":{"line":73,"column":null}},"13":{"start":{"line":76,"column":27},"end":{"line":106,"column":null}},"14":{"start":{"line":78,"column":6},"end":{"line":80,"column":null}},"15":{"start":{"line":79,"column":8},"end":{"line":79,"column":null}},"16":{"start":{"line":82,"column":30},"end":{"line":100,"column":null}},"17":{"start":{"line":83,"column":14},"end":{"line":83,"column":null}},"18":{"start":{"line":84,"column":8},"end":{"line":84,"column":null}},"19":{"start":{"line":84,"column":47},"end":{"line":84,"column":null}},"20":{"start":{"line":85,"column":8},"end":{"line":85,"column":null}},"21":{"start":{"line":85,"column":70},"end":{"line":85,"column":null}},"22":{"start":{"line":88,"column":8},"end":{"line":88,"column":null}},"23":{"start":{"line":88,"column":62},"end":{"line":88,"column":null}},"24":{"start":{"line":91,"column":25},"end":{"line":91,"column":null}},"25":{"start":{"line":92,"column":8},"end":{"line":92,"column":null}},"26":{"start":{"line":94,"column":8},"end":{"line":94,"column":null}},"27":{"start":{"line":96,"column":8},"end":{"line":99,"column":null}},"28":{"start":{"line":102,"column":6},"end":{"line":105,"column":null}},"29":{"start":{"line":108,"column":10},"end":{"line":108,"column":null}},"30":{"start":{"line":110,"column":4},"end":{"line":119,"column":null}},"31":{"start":{"line":134,"column":47},"end":{"line":134,"column":null}},"32":{"start":{"line":136,"column":4},"end":{"line":148,"column":null}},"33":{"start":{"line":138,"column":6},"end":{"line":140,"column":null}},"34":{"start":{"line":139,"column":8},"end":{"line":139,"column":null}},"35":{"start":{"line":142,"column":6},"end":{"line":147,"column":null}},"36":{"start":{"line":144,"column":8},"end":{"line":146,"column":null}},"37":{"start":{"line":145,"column":10},"end":{"line":145,"column":null}},"38":{"start":{"line":150,"column":4},"end":{"line":150,"column":null}},"39":{"start":{"line":163,"column":4},"end":{"line":172,"column":null}},"40":{"start":{"line":165,"column":8},"end":{"line":165,"column":null}},"41":{"start":{"line":167,"column":8},"end":{"line":167,"column":null}},"42":{"start":{"line":169,"column":8},"end":{"line":169,"column":null}},"43":{"start":{"line":171,"column":8},"end":{"line":171,"column":null}},"44":{"start":{"line":182,"column":29},"end":{"line":182,"column":null}},"45":{"start":{"line":183,"column":26},"end":{"line":183,"column":null}},"46":{"start":{"line":184,"column":4},"end":{"line":184,"column":null}},"47":{"start":{"line":192,"column":2},"end":{"line":192,"column":null}}},"fnMap":{"0":{"name":"(anonymous_0)","decl":{"start":{"line":46,"column":2},"end":{"line":46,"column":null}},"loc":{"start":{"line":52,"column":23},"end":{"line":120,"column":null}},"line":52},"1":{"name":"(anonymous_1)","decl":{"start":{"line":76,"column":50},"end":{"line":76,"column":51}},"loc":{"start":{"line":76,"column":62},"end":{"line":106,"column":5}},"line":76},"2":{"name":"(anonymous_2)","decl":{"start":{"line":82,"column":50},"end":{"line":82,"column":51}},"loc":{"start":{"line":82,"column":62},"end":{"line":100,"column":7}},"line":82},"3":{"name":"(anonymous_3)","decl":{"start":{"line":129,"column":10},"end":{"line":129,"column":null}},"loc":{"start":{"line":133,"column":24},"end":{"line":151,"column":null}},"line":133},"4":{"name":"(anonymous_4)","decl":{"start":{"line":159,"column":10},"end":{"line":159,"column":null}},"loc":{"start":{"line":162,"column":12},"end":{"line":173,"column":null}},"line":162},"5":{"name":"(anonymous_5)","decl":{"start":{"line":181,"column":2},"end":{"line":181,"column":26}},"loc":{"start":{"line":181,"column":84},"end":{"line":185,"column":null}},"line":181},"6":{"name":"createMitigationCalculatorV2","decl":{"start":{"line":191,"column":16},"end":{"line":191,"column":71}},"loc":{"start":{"line":191,"column":71},"end":{"line":193,"column":null}},"line":191}},"branchMap":{"0":{"loc":{"start":{"line":50,"column":4},"end":{"line":50,"column":null}},"type":"default-arg","locations":[{"start":{"line":50,"column":29},"end":{"line":50,"column":null}}],"line":50},"1":{"loc":{"start":{"line":63,"column":6},"end":{"line":63,"column":null}},"type":"if","locations":[{"start":{"line":63,"column":6},"end":{"line":63,"column":null}},{"start":{},"end":{}}],"line":63},"2":{"loc":{"start":{"line":65,"column":6},"end":{"line":70,"column":null}},"type":"if","locations":[{"start":{"line":65,"column":6},"end":{"line":70,"column":null}},{"start":{},"end":{}}],"line":65},"3":{"loc":{"start":{"line":78,"column":6},"end":{"line":80,"column":null}},"type":"if","locations":[{"start":{"line":78,"column":6},"end":{"line":80,"column":null}},{"start":{},"end":{}}],"line":78},"4":{"loc":{"start":{"line":78,"column":10},"end":{"line":78,"column":72}},"type":"binary-expr","locations":[{"start":{"line":78,"column":10},"end":{"line":78,"column":42}},{"start":{"line":78,"column":42},"end":{"line":78,"column":72}}],"line":78},"5":{"loc":{"start":{"line":84,"column":8},"end":{"line":84,"column":null}},"type":"if","locations":[{"start":{"line":84,"column":8},"end":{"line":84,"column":null}},{"start":{},"end":{}}],"line":84},"6":{"loc":{"start":{"line":84,"column":12},"end":{"line":84,"column":47}},"type":"binary-expr","locations":[{"start":{"line":84,"column":12},"end":{"line":84,"column":21}},{"start":{"line":84,"column":21},"end":{"line":84,"column":47}}],"line":84},"7":{"loc":{"start":{"line":85,"column":8},"end":{"line":85,"column":null}},"type":"if","locations":[{"start":{"line":85,"column":8},"end":{"line":85,"column":null}},{"start":{},"end":{}}],"line":85},"8":{"loc":{"start":{"line":85,"column":12},"end":{"line":85,"column":70}},"type":"binary-expr","locations":[{"start":{"line":85,"column":12},"end":{"line":85,"column":40}},{"start":{"line":85,"column":40},"end":{"line":85,"column":70}}],"line":85},"9":{"loc":{"start":{"line":88,"column":8},"end":{"line":88,"column":null}},"type":"if","locations":[{"start":{"line":88,"column":8},"end":{"line":88,"column":null}},{"start":{},"end":{}}],"line":88},"10":{"loc":{"start":{"line":88,"column":12},"end":{"line":88,"column":62}},"type":"binary-expr","locations":[{"start":{"line":88,"column":12},"end":{"line":88,"column":39}},{"start":{"line":88,"column":39},"end":{"line":88,"column":62}}],"line":88},"11":{"loc":{"start":{"line":138,"column":6},"end":{"line":140,"column":null}},"type":"if","locations":[{"start":{"line":138,"column":6},"end":{"line":140,"column":null}},{"start":{},"end":{}}],"line":138},"12":{"loc":{"start":{"line":138,"column":10},"end":{"line":138,"column":90}},"type":"binary-expr","locations":[{"start":{"line":138,"column":10},"end":{"line":138,"column":42}},{"start":{"line":138,"column":42},"end":{"line":138,"column":60}},{"start":{"line":138,"column":60},"end":{"line":138,"column":90}}],"line":138},"13":{"loc":{"start":{"line":144,"column":8},"end":{"line":146,"column":null}},"type":"if","locations":[{"start":{"line":144,"column":8},"end":{"line":146,"column":null}},{"start":{},"end":{}}],"line":144},"14":{"loc":{"start":{"line":144,"column":12},"end":{"line":144,"column":64}},"type":"binary-expr","locations":[{"start":{"line":144,"column":12},"end":{"line":144,"column":40}},{"start":{"line":144,"column":40},"end":{"line":144,"column":64}}],"line":144},"15":{"loc":{"start":{"line":163,"column":4},"end":{"line":172,"column":null}},"type":"switch","locations":[{"start":{"line":164,"column":6},"end":{"line":165,"column":null}},{"start":{"line":166,"column":6},"end":{"line":167,"column":null}},{"start":{"line":168,"column":6},"end":{"line":169,"column":null}},{"start":{"line":170,"column":6},"end":{"line":171,"column":null}}],"line":163}},"s":{"0":12,"1":12,"2":12,"3":12,"4":12,"5":14,"6":14,"7":0,"8":14,"9":9,"10":9,"11":9,"12":12,"13":12,"14":24,"15":12,"16":12,"17":12,"18":12,"19":7,"20":5,"21":0,"22":5,"23":0,"24":5,"25":5,"26":5,"27":5,"28":12,"29":12,"30":12,"31":26,"32":26,"33":39,"34":12,"35":27,"36":19,"37":16,"38":26,"39":9,"40":8,"41":1,"42":0,"43":0,"44":1,"45":1,"46":1,"47":0},"f":{"0":12,"1":24,"2":12,"3":26,"4":9,"5":1,"6":0},"b":{"0":[12],"1":[0,14],"2":[9,5],"3":[12,12],"4":[24,24],"5":[7,5],"6":[12,12],"7":[0,5],"8":[5,5],"9":[0,5],"10":[5,5],"11":[12,27],"12":[39,24,24],"13":[16,3],"14":[19,17],"15":[8,1,0,0]},"meta":{"lastBranch":16,"lastFunction":7,"lastStatement":48,"seen":{"f:46:2:46:Infinity":0,"b:50:29:50:Infinity":0,"s:54:29:54:Infinity":0,"s:55:26:55:Infinity":1,"s:58:21:58:Infinity":2,"s:59:48:59:Infinity":3,"s:61:4:71:Infinity":4,"s:62:12:62:Infinity":5,"b:63:6:63:Infinity:undefined:undefined:undefined:undefined":1,"s:63:6:63:Infinity":6,"s:63:17:63:Infinity":7,"b:65:6:70:Infinity:undefined:undefined:undefined:undefined":2,"s:65:6:70:Infinity":8,"s:67:33:67:Infinity":9,"s:68:8:68:Infinity":10,"s:69:8:69:Infinity":11,"s:73:17:73:Infinity":12,"s:76:27:106:Infinity":13,"f:76:50:76:51":1,"b:78:6:80:Infinity:undefined:undefined:undefined:undefined":3,"s:78:6:80:Infinity":14,"b:78:10:78:42:78:42:78:72":4,"s:79:8:79:Infinity":15,"s:82:30:100:Infinity":16,"f:82:50:82:51":2,"s:83:14:83:Infinity":17,"b:84:8:84:Infinity:undefined:undefined:undefined:undefined":5,"s:84:8:84:Infinity":18,"b:84:12:84:21:84:21:84:47":6,"s:84:47:84:Infinity":19,"b:85:8:85:Infinity:undefined:undefined:undefined:undefined":7,"s:85:8:85:Infinity":20,"b:85:12:85:40:85:40:85:70":8,"s:85:70:85:Infinity":21,"b:88:8:88:Infinity:undefined:undefined:undefined:undefined":9,"s:88:8:88:Infinity":22,"b:88:12:88:39:88:39:88:62":10,"s:88:62:88:Infinity":23,"s:91:25:91:Infinity":24,"s:92:8:92:Infinity":25,"s:94:8:94:Infinity":26,"s:96:8:99:Infinity":27,"s:102:6:105:Infinity":28,"s:108:10:108:Infinity":29,"s:110:4:119:Infinity":30,"f:129:10:129:Infinity":3,"s:134:47:134:Infinity":31,"s:136:4:148:Infinity":32,"b:138:6:140:Infinity:undefined:undefined:undefined:undefined":11,"s:138:6:140:Infinity":33,"b:138:10:138:42:138:42:138:60:138:60:138:90":12,"s:139:8:139:Infinity":34,"s:142:6:147:Infinity":35,"b:144:8:146:Infinity:undefined:undefined:undefined:undefined":13,"s:144:8:146:Infinity":36,"b:144:12:144:40:144:40:144:64":14,"s:145:10:145:Infinity":37,"s:150:4:150:Infinity":38,"f:159:10:159:Infinity":4,"b:164:6:165:Infinity:166:6:167:Infinity:168:6:169:Infinity:170:6:171:Infinity":15,"s:163:4:172:Infinity":39,"s:165:8:165:Infinity":40,"s:167:8:167:Infinity":41,"s:169:8:169:Infinity":42,"s:171:8:171:Infinity":43,"f:181:2:181:26":5,"s:182:29:182:Infinity":44,"s:183:26:183:Infinity":45,"s:184:4:184:Infinity":46,"f:191:16:191:71":6,"s:192:2:192:Infinity":47}}}
,"D:\\Programs\\healerbook\\src\\utils\\statusRegistry.ts": {"path":"D:\\Programs\\healerbook\\src\\utils\\statusRegistry.ts","statementMap":{"0":{"start":{"line":12,"column":18},"end":{"line":12,"column":null}},"1":{"start":{"line":18,"column":2},"end":{"line":18,"column":null}},"2":{"start":{"line":18,"column":26},"end":{"line":18,"column":null}},"3":{"start":{"line":20,"column":2},"end":{"line":22,"column":null}},"4":{"start":{"line":21,"column":4},"end":{"line":21,"column":null}},"5":{"start":{"line":31,"column":2},"end":{"line":31,"column":null}},"6":{"start":{"line":32,"column":2},"end":{"line":32,"column":null}},"7":{"start":{"line":40,"column":2},"end":{"line":40,"column":null}},"8":{"start":{"line":41,"column":2},"end":{"line":41,"column":null}},"9":{"start":{"line":41,"column":59},"end":{"line":41,"column":76}},"10":{"start":{"line":49,"column":2},"end":{"line":49,"column":null}},"11":{"start":{"line":50,"column":2},"end":{"line":50,"column":null}},"12":{"start":{"line":50,"column":59},"end":{"line":50,"column":77}},"13":{"start":{"line":59,"column":2},"end":{"line":59,"column":null}},"14":{"start":{"line":60,"column":2},"end":{"line":60,"column":null}}},"fnMap":{"0":{"name":"initializeStatusRegistry","decl":{"start":{"line":17,"column":9},"end":{"line":17,"column":36}},"loc":{"start":{"line":17,"column":36},"end":{"line":23,"column":null}},"line":17},"1":{"name":"getStatusById","decl":{"start":{"line":30,"column":16},"end":{"line":30,"column":30}},"loc":{"start":{"line":30,"column":86},"end":{"line":33,"column":null}},"line":30},"2":{"name":"getAllFriendlyStatuses","decl":{"start":{"line":39,"column":16},"end":{"line":39,"column":69}},"loc":{"start":{"line":39,"column":69},"end":{"line":42,"column":null}},"line":39},"3":{"name":"(anonymous_3)","decl":{"start":{"line":41,"column":47},"end":{"line":41,"column":48}},"loc":{"start":{"line":41,"column":59},"end":{"line":41,"column":76}},"line":41},"4":{"name":"getAllEnemyStatuses","decl":{"start":{"line":48,"column":16},"end":{"line":48,"column":66}},"loc":{"start":{"line":48,"column":66},"end":{"line":51,"column":null}},"line":48},"5":{"name":"(anonymous_5)","decl":{"start":{"line":50,"column":47},"end":{"line":50,"column":48}},"loc":{"start":{"line":50,"column":59},"end":{"line":50,"column":77}},"line":50},"6":{"name":"hasStatus","decl":{"start":{"line":58,"column":16},"end":{"line":58,"column":26}},"loc":{"start":{"line":58,"column":53},"end":{"line":61,"column":null}},"line":58}},"branchMap":{"0":{"loc":{"start":{"line":18,"column":2},"end":{"line":18,"column":null}},"type":"if","locations":[{"start":{"line":18,"column":2},"end":{"line":18,"column":null}},{"start":{},"end":{}}],"line":18}},"s":{"0":2,"1":32,"2":30,"3":2,"4":206,"5":28,"6":28,"7":1,"8":1,"9":103,"10":1,"11":1,"12":103,"13":2,"14":2},"f":{"0":32,"1":28,"2":1,"3":103,"4":1,"5":103,"6":2},"b":{"0":[30,2]},"meta":{"lastBranch":1,"lastFunction":7,"lastStatement":15,"seen":{"s:12:18:12:Infinity":0,"f:17:9:17:36":0,"b:18:2:18:Infinity:undefined:undefined:undefined:undefined":0,"s:18:2:18:Infinity":1,"s:18:26:18:Infinity":2,"s:20:2:22:Infinity":3,"s:21:4:21:Infinity":4,"f:30:16:30:30":1,"s:31:2:31:Infinity":5,"s:32:2:32:Infinity":6,"f:39:16:39:69":2,"s:40:2:40:Infinity":7,"s:41:2:41:Infinity":8,"f:41:47:41:48":3,"s:41:59:41:76":9,"f:48:16:48:66":4,"s:49:2:49:Infinity":10,"s:50:2:50:Infinity":11,"f:50:47:50:48":5,"s:50:59:50:77":12,"f:58:16:58:26":6,"s:59:2:59:Infinity":13,"s:60:2:60:Infinity":14}}}
,"D:\\Programs\\healerbook\\src\\utils\\timelineStorage.ts": {"path":"D:\\Programs\\healerbook\\src\\utils\\timelineStorage.ts","statementMap":{"0":{"start":{"line":7,"column":20},"end":{"line":7,"column":null}},"1":{"start":{"line":21,"column":2},"end":{"line":28,"column":null}},"2":{"start":{"line":22,"column":17},"end":{"line":22,"column":null}},"3":{"start":{"line":23,"column":4},"end":{"line":23,"column":null}},"4":{"start":{"line":23,"column":15},"end":{"line":23,"column":null}},"5":{"start":{"line":24,"column":4},"end":{"line":24,"column":null}},"6":{"start":{"line":26,"column":4},"end":{"line":26,"column":null}},"7":{"start":{"line":27,"column":4},"end":{"line":27,"column":null}},"8":{"start":{"line":35,"column":2},"end":{"line":42,"column":null}},"9":{"start":{"line":36,"column":17},"end":{"line":36,"column":null}},"10":{"start":{"line":37,"column":4},"end":{"line":37,"column":null}},"11":{"start":{"line":37,"column":15},"end":{"line":37,"column":null}},"12":{"start":{"line":38,"column":4},"end":{"line":38,"column":null}},"13":{"start":{"line":40,"column":4},"end":{"line":40,"column":null}},"14":{"start":{"line":41,"column":4},"end":{"line":41,"column":null}},"15":{"start":{"line":49,"column":2},"end":{"line":75,"column":null}},"16":{"start":{"line":51,"column":4},"end":{"line":51,"column":null}},"17":{"start":{"line":54,"column":21},"end":{"line":54,"column":null}},"18":{"start":{"line":55,"column":26},"end":{"line":55,"column":null}},"19":{"start":{"line":55,"column":52},"end":{"line":55,"column":72}},"20":{"start":{"line":57,"column":42},"end":{"line":63,"column":null}},"21":{"start":{"line":65,"column":4},"end":{"line":69,"column":null}},"22":{"start":{"line":66,"column":6},"end":{"line":66,"column":null}},"23":{"start":{"line":68,"column":6},"end":{"line":68,"column":null}},"24":{"start":{"line":71,"column":4},"end":{"line":71,"column":null}},"25":{"start":{"line":73,"column":4},"end":{"line":73,"column":null}},"26":{"start":{"line":74,"column":4},"end":{"line":74,"column":null}},"27":{"start":{"line":82,"column":2},"end":{"line":93,"column":null}},"28":{"start":{"line":84,"column":4},"end":{"line":84,"column":null}},"29":{"start":{"line":87,"column":21},"end":{"line":87,"column":null}},"30":{"start":{"line":88,"column":21},"end":{"line":88,"column":null}},"31":{"start":{"line":88,"column":44},"end":{"line":88,"column":55}},"32":{"start":{"line":89,"column":4},"end":{"line":89,"column":null}},"33":{"start":{"line":91,"column":4},"end":{"line":91,"column":null}},"34":{"start":{"line":92,"column":4},"end":{"line":92,"column":null}},"35":{"start":{"line":100,"column":8},"end":{"line":100,"column":null}},"36":{"start":{"line":102,"column":2},"end":{"line":123,"column":null}}},"fnMap":{"0":{"name":"getAllTimelineMetadata","decl":{"start":{"line":20,"column":16},"end":{"line":20,"column":61}},"loc":{"start":{"line":20,"column":61},"end":{"line":29,"column":null}},"line":20},"1":{"name":"getTimeline","decl":{"start":{"line":34,"column":16},"end":{"line":34,"column":28}},"loc":{"start":{"line":34,"column":57},"end":{"line":43,"column":null}},"line":34},"2":{"name":"saveTimeline","decl":{"start":{"line":48,"column":16},"end":{"line":48,"column":29}},"loc":{"start":{"line":48,"column":55},"end":{"line":76,"column":null}},"line":48},"3":{"name":"(anonymous_3)","decl":{"start":{"line":55,"column":45},"end":{"line":55,"column":46}},"loc":{"start":{"line":55,"column":52},"end":{"line":55,"column":72}},"line":55},"4":{"name":"deleteTimeline","decl":{"start":{"line":81,"column":16},"end":{"line":81,"column":31}},"loc":{"start":{"line":81,"column":49},"end":{"line":94,"column":null}},"line":81},"5":{"name":"(anonymous_5)","decl":{"start":{"line":88,"column":37},"end":{"line":88,"column":38}},"loc":{"start":{"line":88,"column":44},"end":{"line":88,"column":55}},"line":88},"6":{"name":"createNewTimeline","decl":{"start":{"line":99,"column":16},"end":{"line":99,"column":34}},"loc":{"start":{"line":99,"column":79},"end":{"line":124,"column":null}},"line":99}},"branchMap":{"0":{"loc":{"start":{"line":23,"column":4},"end":{"line":23,"column":null}},"type":"if","locations":[{"start":{"line":23,"column":4},"end":{"line":23,"column":null}},{"start":{},"end":{}}],"line":23},"1":{"loc":{"start":{"line":37,"column":4},"end":{"line":37,"column":null}},"type":"if","locations":[{"start":{"line":37,"column":4},"end":{"line":37,"column":null}},{"start":{},"end":{}}],"line":37},"2":{"loc":{"start":{"line":60,"column":19},"end":{"line":60,"column":null}},"type":"binary-expr","locations":[{"start":{"line":60,"column":19},"end":{"line":60,"column":57}},{"start":{"line":60,"column":57},"end":{"line":60,"column":null}}],"line":60},"3":{"loc":{"start":{"line":65,"column":4},"end":{"line":69,"column":null}},"type":"if","locations":[{"start":{"line":65,"column":4},"end":{"line":69,"column":null}},{"start":{"line":67,"column":11},"end":{"line":69,"column":null}}],"line":65},"4":{"loc":{"start":{"line":106,"column":10},"end":{"line":106,"column":null}},"type":"binary-expr","locations":[{"start":{"line":106,"column":10},"end":{"line":106,"column":35}},{"start":{"line":106,"column":35},"end":{"line":106,"column":null}}],"line":106}},"s":{"0":1,"1":0,"2":0,"3":0,"4":0,"5":0,"6":0,"7":0,"8":0,"9":0,"10":0,"11":0,"12":0,"13":0,"14":0,"15":0,"16":0,"17":0,"18":0,"19":0,"20":0,"21":0,"22":0,"23":0,"24":0,"25":0,"26":0,"27":0,"28":0,"29":0,"30":0,"31":0,"32":0,"33":0,"34":0,"35":0,"36":0},"f":{"0":0,"1":0,"2":0,"3":0,"4":0,"5":0,"6":0},"b":{"0":[0,0],"1":[0,0],"2":[0,0],"3":[0,0],"4":[0,0]},"meta":{"lastBranch":5,"lastFunction":7,"lastStatement":37,"seen":{"s:7:20:7:Infinity":0,"f:20:16:20:61":0,"s:21:2:28:Infinity":1,"s:22:17:22:Infinity":2,"b:23:4:23:Infinity:undefined:undefined:undefined:undefined":0,"s:23:4:23:Infinity":3,"s:23:15:23:Infinity":4,"s:24:4:24:Infinity":5,"s:26:4:26:Infinity":6,"s:27:4:27:Infinity":7,"f:34:16:34:28":1,"s:35:2:42:Infinity":8,"s:36:17:36:Infinity":9,"b:37:4:37:Infinity:undefined:undefined:undefined:undefined":1,"s:37:4:37:Infinity":10,"s:37:15:37:Infinity":11,"s:38:4:38:Infinity":12,"s:40:4:40:Infinity":13,"s:41:4:41:Infinity":14,"f:48:16:48:29":2,"s:49:2:75:Infinity":15,"s:51:4:51:Infinity":16,"s:54:21:54:Infinity":17,"s:55:26:55:Infinity":18,"f:55:45:55:46":3,"s:55:52:55:72":19,"s:57:42:63:Infinity":20,"b:60:19:60:57:60:57:60:Infinity":2,"b:65:4:69:Infinity:67:11:69:Infinity":3,"s:65:4:69:Infinity":21,"s:66:6:66:Infinity":22,"s:68:6:68:Infinity":23,"s:71:4:71:Infinity":24,"s:73:4:73:Infinity":25,"s:74:4:74:Infinity":26,"f:81:16:81:31":4,"s:82:2:93:Infinity":27,"s:84:4:84:Infinity":28,"s:87:21:87:Infinity":29,"s:88:21:88:Infinity":30,"f:88:37:88:38":5,"s:88:44:88:55":31,"s:89:4:89:Infinity":32,"s:91:4:91:Infinity":33,"s:92:4:92:Infinity":34,"f:99:16:99:34":6,"s:100:8:100:Infinity":35,"s:102:2:123:Infinity":36,"b:106:10:106:35:106:35:106:Infinity":4}}}
}
